  [1m[35m (4.9ms)[0m  [1m[35mCREATE TABLE "schema_migrations" ("version" character varying NOT NULL PRIMARY KEY)[0m
  [1m[35m (3.7ms)[0m  [1m[35mCREATE TABLE "ar_internal_metadata" ("key" character varying NOT NULL PRIMARY KEY, "value" character varying, "created_at" timestamp NOT NULL, "updated_at" timestamp NOT NULL)[0m
  [1m[35m (0.3ms)[0m  [1m[34mSELECT pg_try_advisory_lock(8167626325551105210)[0m
  [1m[35m (0.7ms)[0m  [1m[34mSELECT "schema_migrations"."version" FROM "schema_migrations" ORDER BY "schema_migrations"."version" ASC[0m
Migrating to CreateUsers (20170918224236)
  [1m[35m (0.2ms)[0m  [1m[35mBEGIN[0m
  [1m[35m (0.2ms)[0m  [1m[31mROLLBACK[0m
  [1m[35m (0.3ms)[0m  [1m[34mSELECT pg_advisory_unlock(8167626325551105210)[0m
  [1m[35m (0.3ms)[0m  [1m[34mSELECT pg_try_advisory_lock(8167626325551105210)[0m
  [1m[35m (0.6ms)[0m  [1m[34mSELECT "schema_migrations"."version" FROM "schema_migrations" ORDER BY "schema_migrations"."version" ASC[0m
Migrating to CreateUsers (20170918224236)
  [1m[35m (0.2ms)[0m  [1m[35mBEGIN[0m
  [1m[35m (4.8ms)[0m  [1m[35mCREATE TABLE "users" ("id" bigserial primary key, "username" character varying NOT NULL, "email" character varying NOT NULL, "password_digest" character varying, "created_at" timestamp NOT NULL, "updated_at" timestamp NOT NULL)[0m
  [1m[35mSQL (0.5ms)[0m  [1m[32mINSERT INTO "schema_migrations" ("version") VALUES ($1) RETURNING "version"[0m  [["version", "20170918224236"]]
  [1m[35m (1.2ms)[0m  [1m[35mCOMMIT[0m
Migrating to CreateQuestions (20170918224450)
  [1m[35m (0.3ms)[0m  [1m[35mBEGIN[0m
  [1m[35m (6.0ms)[0m  [1m[35mCREATE TABLE "questions" ("id" bigserial primary key, "user_id" bigint, "title" character varying NOT NULL, "body" text NOT NULL, "created_at" timestamp NOT NULL, "updated_at" timestamp NOT NULL, CONSTRAINT "fk_rails_047ab75908"
FOREIGN KEY ("user_id")
  REFERENCES "users" ("id")
)[0m
  [1m[35m (0.9ms)[0m  [1m[35mCREATE  INDEX  "index_questions_on_user_id" ON "questions"  ("user_id")[0m
  [1m[35mSQL (0.4ms)[0m  [1m[32mINSERT INTO "schema_migrations" ("version") VALUES ($1) RETURNING "version"[0m  [["version", "20170918224450"]]
  [1m[35m (1.0ms)[0m  [1m[35mCOMMIT[0m
Migrating to CreateAnswers (20170918224546)
  [1m[35m (0.5ms)[0m  [1m[35mBEGIN[0m
  [1m[35m (4.1ms)[0m  [1m[35mCREATE TABLE "answers" ("id" bigserial primary key, "question_id" bigint, "user_id" bigint, "body" text NOT NULL, "created_at" timestamp NOT NULL, "updated_at" timestamp NOT NULL, CONSTRAINT "fk_rails_3d5ed4418f"
FOREIGN KEY ("question_id")
  REFERENCES "questions" ("id")
, CONSTRAINT "fk_rails_584be190c2"
FOREIGN KEY ("user_id")
  REFERENCES "users" ("id")
)[0m
  [1m[35m (1.0ms)[0m  [1m[35mCREATE  INDEX  "index_answers_on_question_id" ON "answers"  ("question_id")[0m
  [1m[35m (0.9ms)[0m  [1m[35mCREATE  INDEX  "index_answers_on_user_id" ON "answers"  ("user_id")[0m
  [1m[35mSQL (0.3ms)[0m  [1m[32mINSERT INTO "schema_migrations" ("version") VALUES ($1) RETURNING "version"[0m  [["version", "20170918224546"]]
  [1m[35m (0.8ms)[0m  [1m[35mCOMMIT[0m
Migrating to CreateComments (20170918224655)
  [1m[35m (0.3ms)[0m  [1m[35mBEGIN[0m
  [1m[35m (3.8ms)[0m  [1m[35mCREATE TABLE "comments" ("id" bigserial primary key, "user_id" bigint, "commentable_type" character varying, "commentable_id" bigint, "body" text NOT NULL, "created_at" timestamp NOT NULL, "updated_at" timestamp NOT NULL, CONSTRAINT "fk_rails_03de2dc08c"
FOREIGN KEY ("user_id")
  REFERENCES "users" ("id")
)[0m
  [1m[35m (1.4ms)[0m  [1m[35mCREATE  INDEX  "index_comments_on_user_id" ON "comments"  ("user_id")[0m
  [1m[35m (1.0ms)[0m  [1m[35mCREATE  INDEX  "index_comments_on_commentable_type_and_commentable_id" ON "comments"  ("commentable_type", "commentable_id")[0m
  [1m[35mSQL (0.3ms)[0m  [1m[32mINSERT INTO "schema_migrations" ("version") VALUES ($1) RETURNING "version"[0m  [["version", "20170918224655"]]
  [1m[35m (1.0ms)[0m  [1m[35mCOMMIT[0m
Migrating to CreateVotes (20170918224735)
  [1m[35m (0.3ms)[0m  [1m[35mBEGIN[0m
  [1m[35m (4.8ms)[0m  [1m[35mCREATE TABLE "votes" ("id" bigserial primary key, "upvote" boolean, "user_id" bigint, "voteable_type" character varying, "voteable_id" bigint, "created_at" timestamp NOT NULL, "updated_at" timestamp NOT NULL, CONSTRAINT "fk_rails_c9b3bef597"
FOREIGN KEY ("user_id")
  REFERENCES "users" ("id")
)[0m
  [1m[35m (0.9ms)[0m  [1m[35mCREATE  INDEX  "index_votes_on_user_id" ON "votes"  ("user_id")[0m
  [1m[35m (1.0ms)[0m  [1m[35mCREATE  INDEX  "index_votes_on_voteable_type_and_voteable_id" ON "votes"  ("voteable_type", "voteable_id")[0m
  [1m[35mSQL (0.5ms)[0m  [1m[32mINSERT INTO "schema_migrations" ("version") VALUES ($1) RETURNING "version"[0m  [["version", "20170918224735"]]
  [1m[35m (0.8ms)[0m  [1m[35mCOMMIT[0m
  [1m[36mActiveRecord::InternalMetadata Load (0.4ms)[0m  [1m[34mSELECT  "ar_internal_metadata".* FROM "ar_internal_metadata" WHERE "ar_internal_metadata"."key" = $1 LIMIT $2[0m  [["key", "environment"], ["LIMIT", 1]]
  [1m[35m (0.2ms)[0m  [1m[35mBEGIN[0m
  [1m[35mSQL (0.5ms)[0m  [1m[32mINSERT INTO "ar_internal_metadata" ("key", "value", "created_at", "updated_at") VALUES ($1, $2, $3, $4) RETURNING "key"[0m  [["key", "environment"], ["value", "development"], ["created_at", "2017-09-18 23:19:16.219039"], ["updated_at", "2017-09-18 23:19:16.219039"]]
  [1m[35m (0.8ms)[0m  [1m[35mCOMMIT[0m
  [1m[35m (0.3ms)[0m  [1m[34mSELECT pg_advisory_unlock(8167626325551105210)[0m
  [1m[35m (0.3ms)[0m  [1m[34mSELECT "schema_migrations"."version" FROM "schema_migrations" ORDER BY "schema_migrations"."version" ASC[0m
Started GET "/" for 127.0.0.1 at 2017-09-18 16:19:51 -0700
  [1m[35m (0.7ms)[0m  [1m[34mSELECT "schema_migrations"."version" FROM "schema_migrations" ORDER BY "schema_migrations"."version" ASC[0m
Processing by QuestionsController#index as HTML
  Rendering questions/index.html.erb within layouts/application
  Rendered questions/index.html.erb within layouts/application (1.2ms)
Completed 200 OK in 412ms (Views: 396.3ms | ActiveRecord: 0.0ms)


Started GET "/" for 127.0.0.1 at 2017-09-18 16:34:23 -0700
  [1m[35m (0.9ms)[0m  [1m[34mSELECT "schema_migrations"."version" FROM "schema_migrations" ORDER BY "schema_migrations"."version" ASC[0m
Processing by QuestionsController#index as HTML
  Rendering questions/index.html.erb within layouts/application
  Rendered questions/index.html.erb within layouts/application (1.9ms)
Completed 200 OK in 298ms (Views: 280.5ms | ActiveRecord: 0.0ms)


Started GET "/users/new" for 127.0.0.1 at 2017-09-18 16:34:29 -0700
Processing by UsersController#new as HTML
Completed 500 Internal Server Error in 10ms (ActiveRecord: 0.0ms)


  
LoadError (cannot load such file -- bcrypt):
  
app/models/user.rb:10:in `<class:User>'
app/models/user.rb:1:in `<top (required)>'
app/controllers/users_controller.rb:3:in `new'
Started GET "/users/new" for 127.0.0.1 at 2017-09-18 16:35:22 -0700
  [1m[35m (0.7ms)[0m  [1m[34mSELECT "schema_migrations"."version" FROM "schema_migrations" ORDER BY "schema_migrations"."version" ASC[0m
Processing by UsersController#new as HTML
  Rendering users/new.html.erb within layouts/application
  Rendered users/new.html.erb within layouts/application (25.9ms)
Completed 200 OK in 334ms (Views: 302.9ms | ActiveRecord: 4.1ms)


Started POST "/users" for 127.0.0.1 at 2017-09-18 16:36:39 -0700
Processing by UsersController#create as HTML
  Parameters: {"utf8"=>"✓", "authenticity_token"=>"oo8dLJdS7CgsZlxTbEKr3sJ9AmFgU217kaTRoOqXMSiY68nGR3LqOonW4Thfk4kUurWS19pWpsxXhZoNOMDhhg==", "user"=>{"username"=>"jritten", "email"=>"jritten@umich.edu", "password"=>"[FILTERED]"}, "commit"=>"Register"}
No template found for UsersController#create, rendering head :no_content
Completed 204 No Content in 50ms (ActiveRecord: 0.0ms)


Started GET "/users/new" for 127.0.0.1 at 2017-09-18 16:40:48 -0700
Processing by UsersController#new as HTML
Started GET "/users/new" for 127.0.0.1 at 2017-09-18 16:40:58 -0700
  Rendering users/new.html.erb within layouts/application
  Rendered users/new.html.erb within layouts/application (2.9ms)
Completed 200 OK in 45ms (Views: 29.0ms | ActiveRecord: 0.0ms)


Processing by UsersController#new as HTML
  Rendering users/new.html.erb within layouts/application
  Rendered users/new.html.erb within layouts/application (2.1ms)
Completed 200 OK in 57ms (Views: 41.0ms | ActiveRecord: 0.0ms)


Started POST "/users" for 127.0.0.1 at 2017-09-18 16:41:19 -0700
Processing by UsersController#create as HTML
  Parameters: {"utf8"=>"✓", "authenticity_token"=>"bV5wpx5Zx4jdvKMfYDCbj3s4PImL4aDldrWlns7s6uhXOqRNznnBmngMHnRT4blFA/CsPzHka1KwlO4zHLs6Rg==", "user"=>{"username"=>"vivian", "email"=>"vivian@vivian.com", "password"=>"[FILTERED]"}, "commit"=>"Register"}
  [1m[35m (0.1ms)[0m  [1m[35mBEGIN[0m
  [1m[36mUser Exists (1.4ms)[0m  [1m[34mSELECT  1 AS one FROM "users" WHERE "users"."username" = $1 LIMIT $2[0m  [["username", "vivian"], ["LIMIT", 1]]
  [1m[36mUser Exists (0.3ms)[0m  [1m[34mSELECT  1 AS one FROM "users" WHERE "users"."email" = $1 LIMIT $2[0m  [["email", "vivian@vivian.com"], ["LIMIT", 1]]
  [1m[35mSQL (0.9ms)[0m  [1m[32mINSERT INTO "users" ("username", "email", "password_digest", "created_at", "updated_at") VALUES ($1, $2, $3, $4, $5) RETURNING "id"[0m  [["username", "vivian"], ["email", "vivian@vivian.com"], ["password_digest", "$2a$10$9aMM06ZE7btXcLvN1kEXje8NRouTULyLifOif4FlcsFSgbBhuwFha"], ["created_at", "2017-09-18 23:41:19.696847"], ["updated_at", "2017-09-18 23:41:19.696847"]]
  [1m[35m (0.7ms)[0m  [1m[35mCOMMIT[0m
Redirected to http://localhost:3000/
Completed 302 Found in 103ms (ActiveRecord: 3.4ms)


Started GET "/" for 127.0.0.1 at 2017-09-18 16:41:19 -0700
Processing by QuestionsController#index as HTML
  Rendering questions/index.html.erb within layouts/application
  Rendered questions/index.html.erb within layouts/application (0.5ms)
Completed 200 OK in 77ms (Views: 66.2ms | ActiveRecord: 0.0ms)


Started GET "/" for 127.0.0.1 at 2017-09-18 16:53:03 -0700
  [1m[35m (0.7ms)[0m  [1m[34mSELECT "schema_migrations"."version" FROM "schema_migrations" ORDER BY "schema_migrations"."version" ASC[0m
Processing by QuestionsController#index as HTML
  Rendering questions/index.html.erb within layouts/application
  Rendered questions/index.html.erb within layouts/application (1.3ms)
Completed 200 OK in 290ms (Views: 273.7ms | ActiveRecord: 0.0ms)


Started GET "/users/new" for 127.0.0.1 at 2017-09-18 16:53:07 -0700
Processing by UsersController#new as HTML
  Rendering users/new.html.erb within layouts/application
  Rendered users/new.html.erb within layouts/application (8.4ms)
Completed 200 OK in 63ms (Views: 40.1ms | ActiveRecord: 5.6ms)


Started GET "/" for 127.0.0.1 at 2017-09-18 16:53:09 -0700
Processing by QuestionsController#index as HTML
  Rendering questions/index.html.erb within layouts/application
  Rendered questions/index.html.erb within layouts/application (0.5ms)
Completed 200 OK in 46ms (Views: 44.2ms | ActiveRecord: 0.0ms)


Started GET "/sessions/new" for 127.0.0.1 at 2017-09-18 16:53:10 -0700
Processing by SessionsController#new as HTML
  Rendering sessions/new.html.erb within layouts/application
  Rendered sessions/new.html.erb within layouts/application (3.0ms)
Completed 200 OK in 43ms (Views: 41.1ms | ActiveRecord: 0.0ms)


Started POST "/sessions" for 127.0.0.1 at 2017-09-18 16:53:21 -0700
Processing by SessionsController#create as HTML
  Parameters: {"utf8"=>"✓", "authenticity_token"=>"T3q7C2fHBy/zyALr893o0Q1yBk6BpIcA4ecLBK3tQ3p1Hm/ht+cBPVZ4v4DADMobdbqW+DuhTLcnxkCpf7qT1A==", "email"=>"vivian@vivian.com", "password"=>"[FILTERED]", "commit"=>"Login"}
  [1m[36mUser Load (0.5ms)[0m  [1m[34mSELECT  "users".* FROM "users" WHERE "users"."email" = $1 LIMIT $2[0m  [["email", "vivian@vivian.com"], ["LIMIT", 1]]
Redirected to http://localhost:3000/
Completed 302 Found in 102ms (ActiveRecord: 0.9ms)


Started GET "/" for 127.0.0.1 at 2017-09-18 16:53:21 -0700
Processing by QuestionsController#index as HTML
  Rendering questions/index.html.erb within layouts/application
  Rendered questions/index.html.erb within layouts/application (0.4ms)
Completed 200 OK in 59ms (Views: 57.3ms | ActiveRecord: 0.0ms)


Started GET "/" for 127.0.0.1 at 2017-09-18 16:58:12 -0700
  [1m[35m (0.8ms)[0m  [1m[34mSELECT "schema_migrations"."version" FROM "schema_migrations" ORDER BY "schema_migrations"."version" ASC[0m
Processing by QuestionsController#index as HTML
  Rendering questions/index.html.erb within layouts/application
  Rendered questions/index.html.erb within layouts/application (1.2ms)
  [1m[36mUser Load (0.9ms)[0m  [1m[34mSELECT  "users".* FROM "users" WHERE "users"."id" = $1 LIMIT $2[0m  [["id", 1], ["LIMIT", 1]]
Completed 200 OK in 336ms (Views: 310.4ms | ActiveRecord: 8.6ms)


Started DELETE "/sessions/1" for 127.0.0.1 at 2017-09-18 16:58:18 -0700
Processing by SessionsController#destroy as HTML
  Parameters: {"authenticity_token"=>"9Ml5XLIQK0+DL+ds2Rg+ZDcXiZ9qNd0agRTd9qahue3Ora22YjAtXSafWgfqyRyuT98ZKdAwFq1HNZZbdPZpQw==", "id"=>"1"}
No template found for SessionsController#destroy, rendering head :no_content
Completed 204 No Content in 56ms (ActiveRecord: 0.0ms)


Started GET "/" for 127.0.0.1 at 2017-09-18 16:58:53 -0700
Processing by QuestionsController#index as HTML
  Rendering questions/index.html.erb within layouts/application
  Rendered questions/index.html.erb within layouts/application (0.7ms)
  [1m[36mUser Load (0.3ms)[0m  [1m[34mSELECT  "users".* FROM "users" WHERE "users"."id" = $1 LIMIT $2[0m  [["id", 1], ["LIMIT", 1]]
Completed 200 OK in 62ms (Views: 50.0ms | ActiveRecord: 4.6ms)


Started DELETE "/sessions/1" for 127.0.0.1 at 2017-09-18 16:58:55 -0700
Processing by SessionsController#destroy as HTML
  Parameters: {"authenticity_token"=>"ah5RLGfZmhYp+0YoSIV3ZsuowHovaJLAphO+N4PrCfZQeoXGt/mcBIxL+0N7VFWss2BQzJVtWXdgMvWaUbzZWA==", "id"=>"1"}
Redirected to http://localhost:3000/
Completed 302 Found in 2ms (ActiveRecord: 0.0ms)


Started GET "/" for 127.0.0.1 at 2017-09-18 16:58:55 -0700
Processing by QuestionsController#index as HTML
  Rendering questions/index.html.erb within layouts/application
  Rendered questions/index.html.erb within layouts/application (0.4ms)
Completed 200 OK in 34ms (Views: 32.4ms | ActiveRecord: 0.0ms)


Started GET "/sessions/new" for 127.0.0.1 at 2017-09-18 16:58:57 -0700
Processing by SessionsController#new as HTML
  Rendering sessions/new.html.erb within layouts/application
  Rendered sessions/new.html.erb within layouts/application (1.9ms)
Completed 200 OK in 38ms (Views: 36.2ms | ActiveRecord: 0.0ms)


Started POST "/sessions" for 127.0.0.1 at 2017-09-18 16:59:03 -0700
Processing by SessionsController#create as HTML
  Parameters: {"utf8"=>"✓", "authenticity_token"=>"a5qx0P51L8bq9sDnUkXPHTmL00cUXtldq5JKdrZkfuVR/mU6LlUp1E9GfYxhlO3XQUND8a5bEuptswHbZDOuSw==", "email"=>"vivian@vivian.com", "password"=>"[FILTERED]", "commit"=>"Login"}
  [1m[36mUser Load (0.3ms)[0m  [1m[34mSELECT  "users".* FROM "users" WHERE "users"."email" = $1 LIMIT $2[0m  [["email", "vivian@vivian.com"], ["LIMIT", 1]]
Redirected to http://localhost:3000/
Completed 302 Found in 91ms (ActiveRecord: 0.3ms)


Started GET "/" for 127.0.0.1 at 2017-09-18 16:59:03 -0700
Processing by QuestionsController#index as HTML
  Rendering questions/index.html.erb within layouts/application
  Rendered questions/index.html.erb within layouts/application (0.7ms)
  [1m[36mUser Load (0.3ms)[0m  [1m[34mSELECT  "users".* FROM "users" WHERE "users"."id" = $1 LIMIT $2[0m  [["id", 1], ["LIMIT", 1]]
Completed 200 OK in 34ms (Views: 32.2ms | ActiveRecord: 0.3ms)


Started DELETE "/sessions/1" for 127.0.0.1 at 2017-09-18 16:59:05 -0700
Processing by SessionsController#destroy as HTML
  Parameters: {"authenticity_token"=>"YvOWqzzQmc5WKpf8PG6hzUCLaLTqEgXHRnwOUQePsGFYl0JB7PCf3POaKpcPv4MHOEP4AlAXznCAXUX81dhgzw==", "id"=>"1"}
Redirected to http://localhost:3000/
Completed 302 Found in 1ms (ActiveRecord: 0.0ms)


Started GET "/" for 127.0.0.1 at 2017-09-18 16:59:05 -0700
Processing by QuestionsController#index as HTML
  Rendering questions/index.html.erb within layouts/application
  Rendered questions/index.html.erb within layouts/application (0.4ms)
Completed 200 OK in 38ms (Views: 36.4ms | ActiveRecord: 0.0ms)


Started GET "/users/new" for 127.0.0.1 at 2017-09-18 16:59:06 -0700
Processing by UsersController#new as HTML
  Rendering users/new.html.erb within layouts/application
  Rendered users/new.html.erb within layouts/application (12.7ms)
Completed 200 OK in 63ms (Views: 60.8ms | ActiveRecord: 0.0ms)


Started POST "/users" for 127.0.0.1 at 2017-09-18 16:59:12 -0700
Processing by UsersController#create as HTML
  Parameters: {"utf8"=>"✓", "authenticity_token"=>"IbyB6dWSvKCBcDEatW2DN+p+3cg+nFRcLpoSQ7TZ74kb2FUDBbK6siTAjHGGvKH9krZNfoSZn+vou1nuZo4/Jw==", "user"=>{"username"=>"jen", "email"=>"jen@jen.com", "password"=>"[FILTERED]"}, "commit"=>"Register"}
  [1m[35m (0.3ms)[0m  [1m[35mBEGIN[0m
  [1m[36mUser Exists (0.6ms)[0m  [1m[34mSELECT  1 AS one FROM "users" WHERE "users"."username" = $1 LIMIT $2[0m  [["username", "jen"], ["LIMIT", 1]]
  [1m[36mUser Exists (0.3ms)[0m  [1m[34mSELECT  1 AS one FROM "users" WHERE "users"."email" = $1 LIMIT $2[0m  [["email", "jen@jen.com"], ["LIMIT", 1]]
  [1m[35mSQL (0.5ms)[0m  [1m[32mINSERT INTO "users" ("username", "email", "password_digest", "created_at", "updated_at") VALUES ($1, $2, $3, $4, $5) RETURNING "id"[0m  [["username", "jen"], ["email", "jen@jen.com"], ["password_digest", "$2a$10$e0KP75Vq.vasRTEVeB.QtebrqgaAOSyuirGd2KUvPpMLtEth0K42C"], ["created_at", "2017-09-18 23:59:12.275262"], ["updated_at", "2017-09-18 23:59:12.275262"]]
  [1m[35m (0.7ms)[0m  [1m[35mCOMMIT[0m
Redirected to http://localhost:3000/
Completed 302 Found in 105ms (ActiveRecord: 2.4ms)


Started GET "/" for 127.0.0.1 at 2017-09-18 16:59:12 -0700
Processing by QuestionsController#index as HTML
  Rendering questions/index.html.erb within layouts/application
  Rendered questions/index.html.erb within layouts/application (0.4ms)
  [1m[36mUser Load (0.4ms)[0m  [1m[34mSELECT  "users".* FROM "users" WHERE "users"."id" = $1 LIMIT $2[0m  [["id", 2], ["LIMIT", 1]]
Completed 200 OK in 47ms (Views: 44.1ms | ActiveRecord: 0.4ms)


Started DELETE "/sessions/2" for 127.0.0.1 at 2017-09-18 16:59:14 -0700
Processing by SessionsController#destroy as HTML
  Parameters: {"authenticity_token"=>"m4n/JjAhzSGzO/Q3Mhjd92NrRt9215H6ifV1dr3Ebj6h7SvM4AHLMxaLSVwByf89G6PWaczSWk1P1D7bb5O+kA==", "id"=>"2"}
Redirected to http://localhost:3000/
Completed 302 Found in 1ms (ActiveRecord: 0.0ms)


Started GET "/" for 127.0.0.1 at 2017-09-18 16:59:14 -0700
Processing by QuestionsController#index as HTML
  Rendering questions/index.html.erb within layouts/application
  Rendered questions/index.html.erb within layouts/application (0.6ms)
Completed 200 OK in 38ms (Views: 36.5ms | ActiveRecord: 0.0ms)


Started GET "/" for 127.0.0.1 at 2017-09-18 16:59:15 -0700
Processing by QuestionsController#index as HTML
  Rendering questions/index.html.erb within layouts/application
  Rendered questions/index.html.erb within layouts/application (0.4ms)
Completed 200 OK in 39ms (Views: 37.3ms | ActiveRecord: 0.0ms)


Started GET "/" for 127.0.0.1 at 2017-09-18 17:10:20 -0700
Processing by QuestionsController#index as HTML
  Rendering questions/index.html.erb within layouts/application
  Rendered questions/index.html.erb within layouts/application (0.8ms)
Completed 200 OK in 44ms (Views: 33.9ms | ActiveRecord: 0.0ms)


Started GET "/" for 127.0.0.1 at 2017-09-18 17:12:33 -0700
  [1m[35m (0.7ms)[0m  [1m[34mSELECT "schema_migrations"."version" FROM "schema_migrations" ORDER BY "schema_migrations"."version" ASC[0m
Processing by QuestionsController#index as HTML
  Rendering questions/index.html.erb within layouts/application
  Rendered questions/index.html.erb within layouts/application (13.0ms)
Completed 200 OK in 302ms (Views: 286.0ms | ActiveRecord: 0.0ms)


Started GET "/sessions/new" for 127.0.0.1 at 2017-09-18 17:12:37 -0700
Processing by SessionsController#new as HTML
  Rendering sessions/new.html.erb within layouts/application
  Rendered sessions/new.html.erb within layouts/application (3.5ms)
Completed 200 OK in 32ms (Views: 30.8ms | ActiveRecord: 0.0ms)


Started POST "/sessions" for 127.0.0.1 at 2017-09-18 17:12:44 -0700
Processing by SessionsController#create as HTML
  Parameters: {"utf8"=>"✓", "authenticity_token"=>"jmoegpEMbaNDX1Tyzf/dhc8YgM0ZzdFjPBp3ge+i3xa0DspoQSxrsebv6Zn+Lv9Pt9AQe6PIGtT6OzwsPfUPuA==", "email"=>"vivian@vivian.com", "password"=>"[FILTERED]", "commit"=>"Login"}
  [1m[36mUser Load (0.6ms)[0m  [1m[34mSELECT  "users".* FROM "users" WHERE "users"."email" = $1 LIMIT $2[0m  [["email", "vivian@vivian.com"], ["LIMIT", 1]]
Redirected to http://localhost:3000/
Completed 302 Found in 123ms (ActiveRecord: 6.5ms)


Started GET "/" for 127.0.0.1 at 2017-09-18 17:12:44 -0700
Processing by QuestionsController#index as HTML
  Rendering questions/index.html.erb within layouts/application
  [1m[36mUser Load (0.3ms)[0m  [1m[34mSELECT  "users".* FROM "users" WHERE "users"."id" = $1 LIMIT $2[0m  [["id", 1], ["LIMIT", 1]]
  Rendered questions/index.html.erb within layouts/application (2.9ms)
Completed 200 OK in 33ms (Views: 31.7ms | ActiveRecord: 0.3ms)


Started GET "/questions/new" for 127.0.0.1 at 2017-09-18 17:12:46 -0700
Processing by QuestionsController#new as HTML
  Rendering questions/new.html.erb within layouts/application
  Rendered questions/new.html.erb within layouts/application (3.3ms)
Completed 500 Internal Server Error in 22ms (ActiveRecord: 2.9ms)


  
ActionView::Template::Error (First argument in form cannot contain nil or be empty):
    1: <h1>Create a Question</h1>
    2: 
    3: <%= form_for @quesiton, url: { action: "create" } do |f| %>
    4:   <%= f.label :title, "Title: " %>
    5:   <%= f.text_field :title %>
    6:   <br>
  
app/views/questions/new.html.erb:3:in `_app_views_questions_new_html_erb__3765477540978166280_70117122138520'
Started GET "/questions/new" for 127.0.0.1 at 2017-09-18 17:13:17 -0700
Processing by QuestionsController#new as HTML
  Rendering questions/new.html.erb within layouts/application
  Rendered questions/new.html.erb within layouts/application (11.5ms)
  [1m[36mUser Load (0.3ms)[0m  [1m[34mSELECT  "users".* FROM "users" WHERE "users"."id" = $1 LIMIT $2[0m  [["id", 1], ["LIMIT", 1]]
Completed 200 OK in 67ms (Views: 65.1ms | ActiveRecord: 0.3ms)


Started POST "/questions" for 127.0.0.1 at 2017-09-18 17:13:24 -0700
Processing by QuestionsController#create as HTML
  Parameters: {"utf8"=>"✓", "authenticity_token"=>"odyHpXNL+vkLzYOn4EoElnnnGe6uyCRz+Q18TxQymMibuFNPo2v86659PszTmyZcAS+JWBTN78Q/LDfixmVIZg==", "question"=>{"title"=>"what?", "body"=>"what?!!!"}, "commit"=>"Submit Question"}
  [1m[36mUser Load (0.3ms)[0m  [1m[34mSELECT  "users".* FROM "users" WHERE "users"."id" = $1 LIMIT $2[0m  [["id", 1], ["LIMIT", 1]]
  [1m[35m (0.3ms)[0m  [1m[35mBEGIN[0m
  [1m[35mSQL (1.7ms)[0m  [1m[32mINSERT INTO "questions" ("user_id", "title", "body", "created_at", "updated_at") VALUES ($1, $2, $3, $4, $5) RETURNING "id"[0m  [["user_id", 1], ["title", "what?"], ["body", "what?!!!"], ["created_at", "2017-09-19 00:13:24.890460"], ["updated_at", "2017-09-19 00:13:24.890460"]]
  [1m[35m (1.5ms)[0m  [1m[35mCOMMIT[0m
Redirected to http://localhost:3000/questions/1
Completed 302 Found in 18ms (ActiveRecord: 3.7ms)


Started GET "/questions/1" for 127.0.0.1 at 2017-09-18 17:13:24 -0700
Processing by QuestionsController#show as HTML
  Parameters: {"id"=>"1"}
Completed 406 Not Acceptable in 52ms (ActiveRecord: 0.0ms)


  
ActionController::UnknownFormat (QuestionsController#show is missing a template for this request format and variant.

request.formats: ["text/html"]
request.variant: []

NOTE! For XHR/Ajax or API requests, this action would normally respond with 204 No Content: an empty white screen. Since you're loading it in a web browser, we assume that you expected to actually render a template, not nothing, so we're showing an error to be extra-clear. If you expect 204 No Content, carry on. That's what you'll get from an XHR or API request. Give it a shot.):
  
actionpack (5.1.4) lib/action_controller/metal/implicit_render.rb:53:in `default_render'
actionpack (5.1.4) lib/action_controller/metal/basic_implicit_render.rb:4:in `block in send_action'
actionpack (5.1.4) lib/action_controller/metal/basic_implicit_render.rb:4:in `tap'
actionpack (5.1.4) lib/action_controller/metal/basic_implicit_render.rb:4:in `send_action'
actionpack (5.1.4) lib/abstract_controller/base.rb:186:in `process_action'
actionpack (5.1.4) lib/action_controller/metal/rendering.rb:30:in `process_action'
actionpack (5.1.4) lib/abstract_controller/callbacks.rb:20:in `block in process_action'
activesupport (5.1.4) lib/active_support/callbacks.rb:131:in `run_callbacks'
actionpack (5.1.4) lib/abstract_controller/callbacks.rb:19:in `process_action'
actionpack (5.1.4) lib/action_controller/metal/rescue.rb:20:in `process_action'
actionpack (5.1.4) lib/action_controller/metal/instrumentation.rb:32:in `block in process_action'
activesupport (5.1.4) lib/active_support/notifications.rb:166:in `block in instrument'
activesupport (5.1.4) lib/active_support/notifications/instrumenter.rb:21:in `instrument'
activesupport (5.1.4) lib/active_support/notifications.rb:166:in `instrument'
actionpack (5.1.4) lib/action_controller/metal/instrumentation.rb:30:in `process_action'
actionpack (5.1.4) lib/action_controller/metal/params_wrapper.rb:252:in `process_action'
activerecord (5.1.4) lib/active_record/railties/controller_runtime.rb:22:in `process_action'
actionpack (5.1.4) lib/abstract_controller/base.rb:124:in `process'
actionview (5.1.4) lib/action_view/rendering.rb:30:in `process'
actionpack (5.1.4) lib/action_controller/metal.rb:189:in `dispatch'
actionpack (5.1.4) lib/action_controller/metal.rb:253:in `dispatch'
actionpack (5.1.4) lib/action_dispatch/routing/route_set.rb:49:in `dispatch'
actionpack (5.1.4) lib/action_dispatch/routing/route_set.rb:31:in `serve'
actionpack (5.1.4) lib/action_dispatch/journey/router.rb:50:in `block in serve'
actionpack (5.1.4) lib/action_dispatch/journey/router.rb:33:in `each'
actionpack (5.1.4) lib/action_dispatch/journey/router.rb:33:in `serve'
actionpack (5.1.4) lib/action_dispatch/routing/route_set.rb:834:in `call'
rack (2.0.3) lib/rack/etag.rb:25:in `call'
rack (2.0.3) lib/rack/conditional_get.rb:25:in `call'
rack (2.0.3) lib/rack/head.rb:12:in `call'
rack (2.0.3) lib/rack/session/abstract/id.rb:232:in `context'
rack (2.0.3) lib/rack/session/abstract/id.rb:226:in `call'
actionpack (5.1.4) lib/action_dispatch/middleware/cookies.rb:613:in `call'
activerecord (5.1.4) lib/active_record/migration.rb:556:in `call'
actionpack (5.1.4) lib/action_dispatch/middleware/callbacks.rb:26:in `block in call'
activesupport (5.1.4) lib/active_support/callbacks.rb:97:in `run_callbacks'
actionpack (5.1.4) lib/action_dispatch/middleware/callbacks.rb:24:in `call'
actionpack (5.1.4) lib/action_dispatch/middleware/executor.rb:12:in `call'
actionpack (5.1.4) lib/action_dispatch/middleware/debug_exceptions.rb:59:in `call'
web-console (3.5.1) lib/web_console/middleware.rb:135:in `call_app'
web-console (3.5.1) lib/web_console/middleware.rb:28:in `block in call'
web-console (3.5.1) lib/web_console/middleware.rb:18:in `catch'
web-console (3.5.1) lib/web_console/middleware.rb:18:in `call'
actionpack (5.1.4) lib/action_dispatch/middleware/show_exceptions.rb:31:in `call'
railties (5.1.4) lib/rails/rack/logger.rb:36:in `call_app'
railties (5.1.4) lib/rails/rack/logger.rb:24:in `block in call'
activesupport (5.1.4) lib/active_support/tagged_logging.rb:69:in `block in tagged'
activesupport (5.1.4) lib/active_support/tagged_logging.rb:26:in `tagged'
activesupport (5.1.4) lib/active_support/tagged_logging.rb:69:in `tagged'
railties (5.1.4) lib/rails/rack/logger.rb:24:in `call'
sprockets-rails (3.2.1) lib/sprockets/rails/quiet_assets.rb:13:in `call'
actionpack (5.1.4) lib/action_dispatch/middleware/remote_ip.rb:79:in `call'
actionpack (5.1.4) lib/action_dispatch/middleware/request_id.rb:25:in `call'
rack (2.0.3) lib/rack/method_override.rb:22:in `call'
rack (2.0.3) lib/rack/runtime.rb:22:in `call'
activesupport (5.1.4) lib/active_support/cache/strategy/local_cache_middleware.rb:27:in `call'
actionpack (5.1.4) lib/action_dispatch/middleware/executor.rb:12:in `call'
actionpack (5.1.4) lib/action_dispatch/middleware/static.rb:125:in `call'
rack (2.0.3) lib/rack/sendfile.rb:111:in `call'
railties (5.1.4) lib/rails/engine.rb:522:in `call'
puma (3.10.0) lib/puma/configuration.rb:225:in `call'
puma (3.10.0) lib/puma/server.rb:605:in `handle_request'
puma (3.10.0) lib/puma/server.rb:437:in `process_client'
puma (3.10.0) lib/puma/server.rb:301:in `block in run'
puma (3.10.0) lib/puma/thread_pool.rb:120:in `block in spawn_thread'
Started PUT "/__web_console/repl_sessions/b4d029062f455655697a7d98d946c557" for 127.0.0.1 at 2017-09-18 17:13:34 -0700
Started PUT "/__web_console/repl_sessions/b4d029062f455655697a7d98d946c557" for 127.0.0.1 at 2017-09-18 17:13:35 -0700
Started PUT "/__web_console/repl_sessions/b4d029062f455655697a7d98d946c557" for 127.0.0.1 at 2017-09-18 17:13:49 -0700
Started GET "/questions/1" for 127.0.0.1 at 2017-09-18 17:15:18 -0700
Processing by QuestionsController#show as HTML
  Parameters: {"id"=>"1"}
  Rendering questions/show.html.erb within layouts/application
  Rendered questions/show.html.erb within layouts/application (3.2ms)
Completed 500 Internal Server Error in 9ms (ActiveRecord: 0.0ms)


  
ActionView::Template::Error (undefined method `title' for nil:NilClass):
    1: <h1><%= @question.title %></h1>
    2: <p><%= @question.body %></p>
    3: <p>Created by: <%= @question.user.username %></p>
    4: <p>Created at: <%= @question.created_at %></p>
  
app/views/questions/show.html.erb:1:in `_app_views_questions_show_html_erb___276188402241893166_70117134561180'
Started GET "/" for 127.0.0.1 at 2017-09-18 17:15:39 -0700
Processing by QuestionsController#index as HTML
  Rendering questions/index.html.erb within layouts/application
  [1m[36mUser Load (0.3ms)[0m  [1m[34mSELECT  "users".* FROM "users" WHERE "users"."id" = $1 LIMIT $2[0m  [["id", 1], ["LIMIT", 1]]
  Rendered questions/index.html.erb within layouts/application (3.5ms)
Completed 200 OK in 35ms (Views: 32.2ms | ActiveRecord: 0.3ms)


Started GET "/questions/new" for 127.0.0.1 at 2017-09-18 17:15:40 -0700
Processing by QuestionsController#new as HTML
  Rendering questions/new.html.erb within layouts/application
  Rendered questions/new.html.erb within layouts/application (3.5ms)
  [1m[36mUser Load (0.3ms)[0m  [1m[34mSELECT  "users".* FROM "users" WHERE "users"."id" = $1 LIMIT $2[0m  [["id", 1], ["LIMIT", 1]]
Completed 200 OK in 45ms (Views: 43.3ms | ActiveRecord: 0.3ms)


Started GET "/questions/new" for 127.0.0.1 at 2017-09-18 17:15:42 -0700
Processing by QuestionsController#new as HTML
  Rendering questions/new.html.erb within layouts/application
  Rendered questions/new.html.erb within layouts/application (2.1ms)
  [1m[36mUser Load (0.4ms)[0m  [1m[34mSELECT  "users".* FROM "users" WHERE "users"."id" = $1 LIMIT $2[0m  [["id", 1], ["LIMIT", 1]]
Completed 200 OK in 32ms (Views: 29.9ms | ActiveRecord: 0.4ms)


Started POST "/questions" for 127.0.0.1 at 2017-09-18 17:15:47 -0700
Processing by QuestionsController#create as HTML
  Parameters: {"utf8"=>"✓", "authenticity_token"=>"OjJVvY0INoUdkA5o5ovmp8+NnEGbdeF+j8u1rMMxfpkAVoFXXSgwl7ggswPVWsRtt0UM9yFwKslJ6v4BEWauNw==", "question"=>{"title"=>"what?", "body"=>"sgihcx"}, "commit"=>"Submit Question"}
  [1m[36mUser Load (0.4ms)[0m  [1m[34mSELECT  "users".* FROM "users" WHERE "users"."id" = $1 LIMIT $2[0m  [["id", 1], ["LIMIT", 1]]
  [1m[35m (0.3ms)[0m  [1m[35mBEGIN[0m
  [1m[35mSQL (0.7ms)[0m  [1m[32mINSERT INTO "questions" ("user_id", "title", "body", "created_at", "updated_at") VALUES ($1, $2, $3, $4, $5) RETURNING "id"[0m  [["user_id", 1], ["title", "what?"], ["body", "sgihcx"], ["created_at", "2017-09-19 00:15:47.640347"], ["updated_at", "2017-09-19 00:15:47.640347"]]
  [1m[35m (16.1ms)[0m  [1m[35mCOMMIT[0m
Redirected to http://localhost:3000/questions/2
Completed 302 Found in 24ms (ActiveRecord: 17.4ms)


Started GET "/questions/2" for 127.0.0.1 at 2017-09-18 17:15:47 -0700
Processing by QuestionsController#show as HTML
  Parameters: {"id"=>"2"}
  Rendering questions/show.html.erb within layouts/application
  Rendered questions/show.html.erb within layouts/application (3.6ms)
Completed 500 Internal Server Error in 9ms (ActiveRecord: 0.0ms)


  
ActionView::Template::Error (undefined method `title' for nil:NilClass):
    1: <h1><%= @question.title %></h1>
    2: <p><%= @question.body %></p>
    3: <p>Created by: <%= @question.user.username %></p>
    4: <p>Created at: <%= @question.created_at %></p>
  
app/views/questions/show.html.erb:1:in `_app_views_questions_show_html_erb___276188402241893166_70117134509480'
Started GET "/" for 127.0.0.1 at 2017-09-18 17:19:12 -0700
Processing by QuestionsController#index as HTML
  Rendering questions/index.html.erb within layouts/application
  [1m[36mUser Load (0.2ms)[0m  [1m[34mSELECT  "users".* FROM "users" WHERE "users"."id" = $1 LIMIT $2[0m  [["id", 1], ["LIMIT", 1]]
  [1m[36mQuestion Load (0.3ms)[0m  [1m[34mSELECT "questions".* FROM "questions"[0m
  Rendered questions/index.html.erb within layouts/application (3.9ms)
Completed 200 OK in 32ms (Views: 29.3ms | ActiveRecord: 0.6ms)


Started GET "/" for 127.0.0.1 at 2017-09-18 17:19:14 -0700
Processing by QuestionsController#index as HTML
  Rendering questions/index.html.erb within layouts/application
  [1m[36mUser Load (0.2ms)[0m  [1m[34mSELECT  "users".* FROM "users" WHERE "users"."id" = $1 LIMIT $2[0m  [["id", 1], ["LIMIT", 1]]
  [1m[36mQuestion Load (0.3ms)[0m  [1m[34mSELECT "questions".* FROM "questions"[0m
  Rendered questions/index.html.erb within layouts/application (3.6ms)
Completed 200 OK in 50ms (Views: 47.6ms | ActiveRecord: 0.5ms)


Started GET "/questions/1" for 127.0.0.1 at 2017-09-18 17:19:16 -0700
Processing by QuestionsController#show as HTML
  Parameters: {"id"=>"1"}
  Rendering questions/show.html.erb within layouts/application
  Rendered questions/show.html.erb within layouts/application (3.7ms)
Completed 500 Internal Server Error in 9ms (ActiveRecord: 0.0ms)


  
ActionView::Template::Error (undefined method `title' for nil:NilClass):
    1: <h1><%= @question.title %></h1>
    2: <p><%= @question.body %></p>
    3: <p>Created by: <%= @question.user.username %></p>
    4: <p>Created at: <%= @question.created_at %></p>
  
app/views/questions/show.html.erb:1:in `_app_views_questions_show_html_erb___276188402241893166_70117160846300'
Started GET "/" for 127.0.0.1 at 2017-09-18 17:20:05 -0700
Processing by QuestionsController#index as HTML
  Rendering questions/index.html.erb within layouts/application
  [1m[36mUser Load (0.2ms)[0m  [1m[34mSELECT  "users".* FROM "users" WHERE "users"."id" = $1 LIMIT $2[0m  [["id", 1], ["LIMIT", 1]]
  [1m[36mQuestion Load (0.4ms)[0m  [1m[34mSELECT "questions".* FROM "questions"[0m
  Rendered questions/index.html.erb within layouts/application (32.6ms)
Completed 200 OK in 70ms (Views: 55.7ms | ActiveRecord: 6.7ms)


Started GET "/questions/new" for 127.0.0.1 at 2017-09-18 17:20:06 -0700
Processing by QuestionsController#new as HTML
  Rendering questions/new.html.erb within layouts/application
  Rendered questions/new.html.erb within layouts/application (3.6ms)
  [1m[36mUser Load (0.4ms)[0m  [1m[34mSELECT  "users".* FROM "users" WHERE "users"."id" = $1 LIMIT $2[0m  [["id", 1], ["LIMIT", 1]]
Completed 200 OK in 53ms (Views: 50.4ms | ActiveRecord: 0.4ms)


Started POST "/questions" for 127.0.0.1 at 2017-09-18 17:20:10 -0700
Processing by QuestionsController#create as HTML
  Parameters: {"utf8"=>"✓", "authenticity_token"=>"2JAwMxsMa40Vzoac/RRZikq8Dp7Xhz84anxZlhtFyEDi9OTZyyxtn7B+O/fOxXtAMnSeKG2C9I+sXRI7yRIY7g==", "question"=>{"title"=>"sdf", "body"=>"sagdff"}, "commit"=>"Submit Question"}
  [1m[36mUser Load (0.2ms)[0m  [1m[34mSELECT  "users".* FROM "users" WHERE "users"."id" = $1 LIMIT $2[0m  [["id", 1], ["LIMIT", 1]]
  [1m[35m (0.2ms)[0m  [1m[35mBEGIN[0m
  [1m[35mSQL (0.6ms)[0m  [1m[32mINSERT INTO "questions" ("user_id", "title", "body", "created_at", "updated_at") VALUES ($1, $2, $3, $4, $5) RETURNING "id"[0m  [["user_id", 1], ["title", "sdf"], ["body", "sagdff"], ["created_at", "2017-09-19 00:20:10.073374"], ["updated_at", "2017-09-19 00:20:10.073374"]]
  [1m[35m (16.1ms)[0m  [1m[35mCOMMIT[0m
Redirected to http://localhost:3000/questions/3
Completed 302 Found in 26ms (ActiveRecord: 17.2ms)


Started GET "/questions/3" for 127.0.0.1 at 2017-09-18 17:20:10 -0700
Processing by QuestionsController#show as HTML
  Parameters: {"id"=>"3"}
  Rendering questions/show.html.erb within layouts/application
  Rendered questions/show.html.erb within layouts/application (3.0ms)
Completed 500 Internal Server Error in 8ms (ActiveRecord: 0.0ms)


  
ActionView::Template::Error (undefined method `title' for nil:NilClass):
    1: <h1><%= @question.title %></h1>
    2: <p><%= @question.body %></p>
    3: <p>Created by: <%= @question.user.username %></p>
    4: <p>Created at: <%= @question.created_at %></p>
  
app/views/questions/show.html.erb:1:in `_app_views_questions_show_html_erb___276188402241893166_70117159864000'
Started GET "/questions/new" for 127.0.0.1 at 2017-09-18 17:20:51 -0700
Processing by QuestionsController#new as HTML
  Rendering questions/new.html.erb within layouts/application
  Rendered questions/new.html.erb within layouts/application (2.0ms)
  [1m[36mUser Load (0.2ms)[0m  [1m[34mSELECT  "users".* FROM "users" WHERE "users"."id" = $1 LIMIT $2[0m  [["id", 1], ["LIMIT", 1]]
Completed 200 OK in 32ms (Views: 29.8ms | ActiveRecord: 0.2ms)


Started POST "/questions" for 127.0.0.1 at 2017-09-18 17:20:54 -0700
Processing by QuestionsController#create as HTML
  Parameters: {"utf8"=>"✓", "authenticity_token"=>"GtocjjZDvqz6UVYmtkj4FjBMm9ZqUEfZd0TPA9NwF0Igvshk5mO4vl/h602FmdrcSIQLYNBVjG6xZYSuASfH7A==", "question"=>{"title"=>"dfhzhbv", "body"=>"dfahsgzf"}, "commit"=>"Submit Question"}
  [1m[36mUser Load (0.4ms)[0m  [1m[34mSELECT  "users".* FROM "users" WHERE "users"."id" = $1 LIMIT $2[0m  [["id", 1], ["LIMIT", 1]]
  [1m[35m (0.5ms)[0m  [1m[35mBEGIN[0m
  [1m[35mSQL (0.7ms)[0m  [1m[32mINSERT INTO "questions" ("user_id", "title", "body", "created_at", "updated_at") VALUES ($1, $2, $3, $4, $5) RETURNING "id"[0m  [["user_id", 1], ["title", "dfhzhbv"], ["body", "dfahsgzf"], ["created_at", "2017-09-19 00:20:54.588137"], ["updated_at", "2017-09-19 00:20:54.588137"]]
  [1m[35m (16.1ms)[0m  [1m[35mCOMMIT[0m
Redirected to http://localhost:3000/questions/4
Completed 302 Found in 24ms (ActiveRecord: 17.7ms)


Started GET "/questions/4" for 127.0.0.1 at 2017-09-18 17:20:54 -0700
Processing by QuestionsController#show as HTML
  Parameters: {"id"=>"4"}
  Rendering questions/show.html.erb within layouts/application
  Rendered questions/show.html.erb within layouts/application (3.8ms)
Completed 500 Internal Server Error in 9ms (ActiveRecord: 0.0ms)


  
ActionView::Template::Error (undefined method `title' for nil:NilClass):
    1: <h1><%= @question.title %></h1>
    2: <p><%= @question.body %></p>
    3: <p>Created by: <%= @question.user.username %></p>
    4: <p>Created at: <%= @question.created_at %></p>
  
app/views/questions/show.html.erb:1:in `_app_views_questions_show_html_erb___276188402241893166_70117120591000'
Started GET "/questions/new" for 127.0.0.1 at 2017-09-18 17:21:00 -0700
Processing by QuestionsController#new as HTML
  Rendering questions/new.html.erb within layouts/application
  Rendered questions/new.html.erb within layouts/application (1.9ms)
  [1m[36mUser Load (0.2ms)[0m  [1m[34mSELECT  "users".* FROM "users" WHERE "users"."id" = $1 LIMIT $2[0m  [["id", 1], ["LIMIT", 1]]
Completed 200 OK in 32ms (Views: 30.5ms | ActiveRecord: 0.2ms)


Started GET "/questions/new" for 127.0.0.1 at 2017-09-18 17:21:10 -0700
Processing by QuestionsController#new as HTML
  Rendering questions/new.html.erb within layouts/application
  Rendered questions/new.html.erb within layouts/application (2.1ms)
  [1m[36mUser Load (0.3ms)[0m  [1m[34mSELECT  "users".* FROM "users" WHERE "users"."id" = $1 LIMIT $2[0m  [["id", 1], ["LIMIT", 1]]
Completed 200 OK in 36ms (Views: 34.4ms | ActiveRecord: 0.3ms)


Started POST "/questions" for 127.0.0.1 at 2017-09-18 17:21:14 -0700
Processing by QuestionsController#create as HTML
  Parameters: {"utf8"=>"✓", "authenticity_token"=>"fhNi2YYMG+JV4KNd2YjWfeOHBPAwJUQ7yw6uxX4qMD5Ed7YzViwd8PBQHjbqWfS3m0+URoogj4wNL+VorH3gkA==", "question"=>{"title"=>"hxfgb", "body"=>"fgjfxg"}, "commit"=>"Submit Question"}
  [1m[36mUser Load (0.2ms)[0m  [1m[34mSELECT  "users".* FROM "users" WHERE "users"."id" = $1 LIMIT $2[0m  [["id", 1], ["LIMIT", 1]]
  [1m[35m (0.2ms)[0m  [1m[35mBEGIN[0m
  [1m[35mSQL (0.7ms)[0m  [1m[32mINSERT INTO "questions" ("user_id", "title", "body", "created_at", "updated_at") VALUES ($1, $2, $3, $4, $5) RETURNING "id"[0m  [["user_id", 1], ["title", "hxfgb"], ["body", "fgjfxg"], ["created_at", "2017-09-19 00:21:14.155594"], ["updated_at", "2017-09-19 00:21:14.155594"]]
  [1m[35m (16.5ms)[0m  [1m[35mCOMMIT[0m
Redirected to http://localhost:3000/questions/5
Completed 302 Found in 24ms (ActiveRecord: 17.6ms)


Started GET "/questions/5" for 127.0.0.1 at 2017-09-18 17:21:14 -0700
Processing by QuestionsController#show as HTML
  Parameters: {"id"=>"5"}
  Rendering questions/show.html.erb within layouts/application
  Rendered questions/show.html.erb within layouts/application (3.3ms)
Completed 500 Internal Server Error in 9ms (ActiveRecord: 0.0ms)


  
ActionView::Template::Error (undefined method `title' for nil:NilClass):
    1: <h1><%= @question.title %></h1>
    2: <p><%= @question.body %></p>
    3: <p>Created by: <%= @question.user.username %></p>
    4: <p>Created at: <%= @question.created_at %></p>
  
app/views/questions/show.html.erb:1:in `_app_views_questions_show_html_erb___276188402241893166_70117131234400'
Started POST "/__web_console/repl_sessions/1c03656944e356e27005518d6685e370/trace" for 127.0.0.1 at 2017-09-18 17:21:22 -0700
Started GET "/questions/new" for 127.0.0.1 at 2017-09-18 17:21:52 -0700
Processing by QuestionsController#new as HTML
  Rendering questions/new.html.erb within layouts/application
  Rendered questions/new.html.erb within layouts/application (1.9ms)
  [1m[36mUser Load (0.2ms)[0m  [1m[34mSELECT  "users".* FROM "users" WHERE "users"."id" = $1 LIMIT $2[0m  [["id", 1], ["LIMIT", 1]]
Completed 200 OK in 31ms (Views: 29.2ms | ActiveRecord: 0.2ms)


Started POST "/questions" for 127.0.0.1 at 2017-09-18 17:21:55 -0700
Processing by QuestionsController#create as HTML
  Parameters: {"utf8"=>"✓", "authenticity_token"=>"cEBUwL5bILFseDpaQnD+81JJ6koFGH4jlXd6XxZ92vNKJIAqbnsmo8nIhzFxodw5KoF6/L8dtZRTVjHyxCoKXQ==", "question"=>{"title"=>"dfzhdg", "body"=>"gfhdhj"}, "commit"=>"Submit Question"}
  [1m[36mUser Load (0.2ms)[0m  [1m[34mSELECT  "users".* FROM "users" WHERE "users"."id" = $1 LIMIT $2[0m  [["id", 1], ["LIMIT", 1]]
  [1m[35m (0.1ms)[0m  [1m[35mBEGIN[0m
  [1m[35mSQL (0.6ms)[0m  [1m[32mINSERT INTO "questions" ("user_id", "title", "body", "created_at", "updated_at") VALUES ($1, $2, $3, $4, $5) RETURNING "id"[0m  [["user_id", 1], ["title", "dfzhdg"], ["body", "gfhdhj"], ["created_at", "2017-09-19 00:21:55.908007"], ["updated_at", "2017-09-19 00:21:55.908007"]]
  [1m[35m (15.7ms)[0m  [1m[35mCOMMIT[0m
Redirected to http://localhost:3000/questions/6
Completed 302 Found in 21ms (ActiveRecord: 16.6ms)


Started GET "/questions/6" for 127.0.0.1 at 2017-09-18 17:21:55 -0700
Processing by QuestionsController#show as HTML
  Parameters: {"id"=>"6"}
  Rendering questions/show.html.erb within layouts/application
  Rendered questions/show.html.erb within layouts/application (5.0ms)
Completed 500 Internal Server Error in 11ms (ActiveRecord: 0.0ms)


  
ActionView::Template::Error (undefined method `title' for nil:NilClass):
    1: <h1><%= @question.title %></h1>
    2: <p><%= @question.body %></p>
    3: <p>Created by: <%= @question.user.username %></p>
    4: <p>Created at: <%= @question.created_at %></p>
  
app/views/questions/show.html.erb:1:in `_app_views_questions_show_html_erb___276188402241893166_70117152678440'
Started GET "/questions/6" for 127.0.0.1 at 2017-09-18 17:23:48 -0700
Processing by QuestionsController#show as HTML
  Parameters: {"id"=>"6"}
  [1m[36mQuestion Load (0.3ms)[0m  [1m[34mSELECT  "questions".* FROM "questions" WHERE "questions"."id" = $1 LIMIT $2[0m  [["id", 6], ["LIMIT", 1]]
  Rendering questions/show.html.erb within layouts/application
  [1m[36mUser Load (0.3ms)[0m  [1m[34mSELECT  "users".* FROM "users" WHERE "users"."id" = $1 LIMIT $2[0m  [["id", 1], ["LIMIT", 1]]
  Rendered questions/show.html.erb within layouts/application (29.1ms)
  [1m[36mCACHE User Load (0.0ms)[0m  [1m[34mSELECT  "users".* FROM "users" WHERE "users"."id" = $1 LIMIT $2[0m  [["id", 1], ["LIMIT", 1]]
Completed 200 OK in 91ms (Views: 65.1ms | ActiveRecord: 6.8ms)


Started GET "/" for 127.0.0.1 at 2017-09-18 17:23:53 -0700
Processing by QuestionsController#index as HTML
  Rendering questions/index.html.erb within layouts/application
  [1m[36mUser Load (0.3ms)[0m  [1m[34mSELECT  "users".* FROM "users" WHERE "users"."id" = $1 LIMIT $2[0m  [["id", 1], ["LIMIT", 1]]
  [1m[36mQuestion Load (0.7ms)[0m  [1m[34mSELECT "questions".* FROM "questions"[0m
  Rendered questions/index.html.erb within layouts/application (5.6ms)
Completed 200 OK in 35ms (Views: 31.9ms | ActiveRecord: 0.9ms)


Started GET "/questions/1" for 127.0.0.1 at 2017-09-18 17:23:54 -0700
Processing by QuestionsController#show as HTML
  Parameters: {"id"=>"1"}
  [1m[36mQuestion Load (0.3ms)[0m  [1m[34mSELECT  "questions".* FROM "questions" WHERE "questions"."id" = $1 LIMIT $2[0m  [["id", 1], ["LIMIT", 1]]
  Rendering questions/show.html.erb within layouts/application
  [1m[36mUser Load (0.3ms)[0m  [1m[34mSELECT  "users".* FROM "users" WHERE "users"."id" = $1 LIMIT $2[0m  [["id", 1], ["LIMIT", 1]]
  Rendered questions/show.html.erb within layouts/application (3.0ms)
  [1m[36mCACHE User Load (0.0ms)[0m  [1m[34mSELECT  "users".* FROM "users" WHERE "users"."id" = $1 LIMIT $2[0m  [["id", 1], ["LIMIT", 1]]
Completed 200 OK in 52ms (Views: 48.8ms | ActiveRecord: 0.6ms)


Started GET "/" for 127.0.0.1 at 2017-09-18 17:24:10 -0700
Processing by QuestionsController#index as HTML
  Rendering questions/index.html.erb within layouts/application
  [1m[36mUser Load (0.2ms)[0m  [1m[34mSELECT  "users".* FROM "users" WHERE "users"."id" = $1 LIMIT $2[0m  [["id", 1], ["LIMIT", 1]]
  [1m[36mQuestion Load (0.3ms)[0m  [1m[34mSELECT "questions".* FROM "questions"[0m
  Rendered questions/index.html.erb within layouts/application (3.6ms)
Completed 200 OK in 47ms (Views: 45.1ms | ActiveRecord: 0.5ms)


Started GET "/questions/5" for 127.0.0.1 at 2017-09-18 17:24:11 -0700
Processing by QuestionsController#show as HTML
  Parameters: {"id"=>"5"}
  [1m[36mQuestion Load (0.3ms)[0m  [1m[34mSELECT  "questions".* FROM "questions" WHERE "questions"."id" = $1 LIMIT $2[0m  [["id", 5], ["LIMIT", 1]]
  Rendering questions/show.html.erb within layouts/application
  [1m[36mUser Load (0.3ms)[0m  [1m[34mSELECT  "users".* FROM "users" WHERE "users"."id" = $1 LIMIT $2[0m  [["id", 1], ["LIMIT", 1]]
  Rendered questions/show.html.erb within layouts/application (2.6ms)
  [1m[36mCACHE User Load (0.0ms)[0m  [1m[34mSELECT  "users".* FROM "users" WHERE "users"."id" = $1 LIMIT $2[0m  [["id", 1], ["LIMIT", 1]]
Completed 200 OK in 37ms (Views: 34.5ms | ActiveRecord: 0.6ms)


Started GET "/questions/5" for 127.0.0.1 at 2017-09-18 17:24:27 -0700
Processing by QuestionsController#show as HTML
  Parameters: {"id"=>"5"}
  [1m[36mQuestion Load (0.6ms)[0m  [1m[34mSELECT  "questions".* FROM "questions" WHERE "questions"."id" = $1 LIMIT $2[0m  [["id", 5], ["LIMIT", 1]]
  Rendering questions/show.html.erb within layouts/application
  [1m[36mUser Load (0.3ms)[0m  [1m[34mSELECT  "users".* FROM "users" WHERE "users"."id" = $1 LIMIT $2[0m  [["id", 1], ["LIMIT", 1]]
  Rendered questions/show.html.erb within layouts/application (2.3ms)
  [1m[36mCACHE User Load (0.0ms)[0m  [1m[34mSELECT  "users".* FROM "users" WHERE "users"."id" = $1 LIMIT $2[0m  [["id", 1], ["LIMIT", 1]]
Completed 200 OK in 36ms (Views: 32.1ms | ActiveRecord: 0.8ms)


Started GET "/" for 127.0.0.1 at 2017-09-18 17:24:30 -0700
Processing by QuestionsController#index as HTML
  Rendering questions/index.html.erb within layouts/application
  [1m[36mUser Load (0.2ms)[0m  [1m[34mSELECT  "users".* FROM "users" WHERE "users"."id" = $1 LIMIT $2[0m  [["id", 1], ["LIMIT", 1]]
  [1m[36mQuestion Load (0.4ms)[0m  [1m[34mSELECT "questions".* FROM "questions"[0m
  Rendered questions/index.html.erb within layouts/application (5.8ms)
Completed 200 OK in 36ms (Views: 33.6ms | ActiveRecord: 0.6ms)


Started GET "/questions/new" for 127.0.0.1 at 2017-09-18 17:24:31 -0700
Processing by QuestionsController#new as HTML
  Rendering questions/new.html.erb within layouts/application
  Rendered questions/new.html.erb within layouts/application (4.8ms)
  [1m[36mUser Load (0.3ms)[0m  [1m[34mSELECT  "users".* FROM "users" WHERE "users"."id" = $1 LIMIT $2[0m  [["id", 1], ["LIMIT", 1]]
Completed 200 OK in 54ms (Views: 51.3ms | ActiveRecord: 0.3ms)


Started POST "/questions" for 127.0.0.1 at 2017-09-18 17:24:34 -0700
Processing by QuestionsController#create as HTML
  Parameters: {"utf8"=>"✓", "authenticity_token"=>"8iEnZMjzIH0DnsRo4rvVLIm40w+0dT7skRziwW8chYLIRfOOGNMmb6YueQPRavfm8XBDuQ5w9VtXPalsvUtVLA==", "question"=>{"title"=>"srtj", "body"=>"ghdjddyj"}, "commit"=>"Submit Question"}
  [1m[36mUser Load (0.2ms)[0m  [1m[34mSELECT  "users".* FROM "users" WHERE "users"."id" = $1 LIMIT $2[0m  [["id", 1], ["LIMIT", 1]]
  [1m[35m (0.1ms)[0m  [1m[35mBEGIN[0m
  [1m[35mSQL (0.4ms)[0m  [1m[32mINSERT INTO "questions" ("user_id", "title", "body", "created_at", "updated_at") VALUES ($1, $2, $3, $4, $5) RETURNING "id"[0m  [["user_id", 1], ["title", "srtj"], ["body", "ghdjddyj"], ["created_at", "2017-09-19 00:24:34.844566"], ["updated_at", "2017-09-19 00:24:34.844566"]]
  [1m[35m (15.9ms)[0m  [1m[35mCOMMIT[0m
Redirected to http://localhost:3000/questions/7
Completed 302 Found in 22ms (ActiveRecord: 16.7ms)


Started GET "/questions/7" for 127.0.0.1 at 2017-09-18 17:24:34 -0700
Processing by QuestionsController#show as HTML
  Parameters: {"id"=>"7"}
  [1m[36mQuestion Load (0.5ms)[0m  [1m[34mSELECT  "questions".* FROM "questions" WHERE "questions"."id" = $1 LIMIT $2[0m  [["id", 7], ["LIMIT", 1]]
  Rendering questions/show.html.erb within layouts/application
  [1m[36mUser Load (0.3ms)[0m  [1m[34mSELECT  "users".* FROM "users" WHERE "users"."id" = $1 LIMIT $2[0m  [["id", 1], ["LIMIT", 1]]
  Rendered questions/show.html.erb within layouts/application (2.3ms)
  [1m[36mCACHE User Load (0.0ms)[0m  [1m[34mSELECT  "users".* FROM "users" WHERE "users"."id" = $1 LIMIT $2[0m  [["id", 1], ["LIMIT", 1]]
Completed 200 OK in 34ms (Views: 29.7ms | ActiveRecord: 0.8ms)


Started GET "/" for 127.0.0.1 at 2017-09-18 17:24:37 -0700
Processing by QuestionsController#index as HTML
  Rendering questions/index.html.erb within layouts/application
  [1m[36mUser Load (0.2ms)[0m  [1m[34mSELECT  "users".* FROM "users" WHERE "users"."id" = $1 LIMIT $2[0m  [["id", 1], ["LIMIT", 1]]
  [1m[36mQuestion Load (0.3ms)[0m  [1m[34mSELECT "questions".* FROM "questions"[0m
  Rendered questions/index.html.erb within layouts/application (3.8ms)
Completed 200 OK in 38ms (Views: 35.3ms | ActiveRecord: 0.5ms)


Started GET "/" for 127.0.0.1 at 2017-09-18 17:26:50 -0700
Processing by QuestionsController#index as HTML
  Rendering questions/index.html.erb within layouts/application
  [1m[36mUser Load (0.2ms)[0m  [1m[34mSELECT  "users".* FROM "users" WHERE "users"."id" = $1 LIMIT $2[0m  [["id", 1], ["LIMIT", 1]]
  [1m[36mQuestion Load (0.4ms)[0m  [1m[34mSELECT "questions".* FROM "questions"[0m
  Rendered questions/index.html.erb within layouts/application (4.7ms)
Completed 200 OK in 44ms (Views: 41.6ms | ActiveRecord: 0.6ms)


Started GET "/" for 127.0.0.1 at 2017-09-18 17:27:08 -0700
Processing by QuestionsController#index as HTML
  Rendering questions/index.html.erb within layouts/application
  [1m[36mUser Load (0.4ms)[0m  [1m[34mSELECT  "users".* FROM "users" WHERE "users"."id" = $1 LIMIT $2[0m  [["id", 1], ["LIMIT", 1]]
  [1m[36mQuestion Load (0.3ms)[0m  [1m[34mSELECT "questions".* FROM "questions"[0m
  Rendered questions/index.html.erb within layouts/application (4.7ms)
Completed 200 OK in 40ms (Views: 37.3ms | ActiveRecord: 0.8ms)


Started GET "/" for 127.0.0.1 at 2017-09-18 17:27:22 -0700
Processing by QuestionsController#index as HTML
  Rendering questions/index.html.erb within layouts/application
  [1m[36mUser Load (0.3ms)[0m  [1m[34mSELECT  "users".* FROM "users" WHERE "users"."id" = $1 LIMIT $2[0m  [["id", 1], ["LIMIT", 1]]
  [1m[36mQuestion Load (0.4ms)[0m  [1m[34mSELECT "questions".* FROM "questions"[0m
  Rendered questions/index.html.erb within layouts/application (4.3ms)
Completed 200 OK in 37ms (Views: 34.8ms | ActiveRecord: 0.6ms)


Started GET "/" for 127.0.0.1 at 2017-09-18 17:36:55 -0700
  [1m[35m (0.8ms)[0m  [1m[34mSELECT "schema_migrations"."version" FROM "schema_migrations" ORDER BY "schema_migrations"."version" ASC[0m
Processing by QuestionsController#index as HTML
  Rendering questions/index.html.erb within layouts/application
  [1m[36mUser Load (1.0ms)[0m  [1m[34mSELECT  "users".* FROM "users" WHERE "users"."id" = $1 LIMIT $2[0m  [["id", 1], ["LIMIT", 1]]
  [1m[36mQuestion Load (0.6ms)[0m  [1m[34mSELECT "questions".* FROM "questions"[0m
  Rendered questions/index.html.erb within layouts/application (55.9ms)
Completed 200 OK in 338ms (Views: 312.5ms | ActiveRecord: 9.0ms)


Started GET "/questions/1" for 127.0.0.1 at 2017-09-18 17:36:59 -0700
Processing by QuestionsController#show as HTML
  Parameters: {"id"=>"1"}
  [1m[36mQuestion Load (0.3ms)[0m  [1m[34mSELECT  "questions".* FROM "questions" WHERE "questions"."id" = $1 LIMIT $2[0m  [["id", 1], ["LIMIT", 1]]
  Rendering questions/show.html.erb within layouts/application
  [1m[36mUser Load (0.4ms)[0m  [1m[34mSELECT  "users".* FROM "users" WHERE "users"."id" = $1 LIMIT $2[0m  [["id", 1], ["LIMIT", 1]]
  Rendered questions/show.html.erb within layouts/application (10.8ms)
  [1m[36mCACHE User Load (0.0ms)[0m  [1m[34mSELECT  "users".* FROM "users" WHERE "users"."id" = $1 LIMIT $2[0m  [["id", 1], ["LIMIT", 1]]
Completed 200 OK in 34ms (Views: 29.7ms | ActiveRecord: 0.7ms)


Started GET "/questions/1" for 127.0.0.1 at 2017-09-18 17:38:04 -0700
Processing by QuestionsController#show as HTML
  Parameters: {"id"=>"1"}
  [1m[36mQuestion Load (0.3ms)[0m  [1m[34mSELECT  "questions".* FROM "questions" WHERE "questions"."id" = $1 LIMIT $2[0m  [["id", 1], ["LIMIT", 1]]
  Rendering questions/show.html.erb within layouts/application
  [1m[36mUser Load (0.4ms)[0m  [1m[34mSELECT  "users".* FROM "users" WHERE "users"."id" = $1 LIMIT $2[0m  [["id", 1], ["LIMIT", 1]]
  Rendered questions/show.html.erb within layouts/application (5.2ms)
Completed 500 Internal Server Error in 13ms (ActiveRecord: 0.7ms)


  
ActionView::Template::Error (No route matches {:action=>"new", :controller=>"answers", :id=>"1"}, missing required keys: [:question_id]):
    4: <p>Created at: <%= @question.created_at %></p>
    5: 
    6: 
    7: <%= link_to "Answer this question", new_question_answer_path %>
  
app/views/questions/show.html.erb:7:in `_app_views_questions_show_html_erb___4421985265449275704_70175204385160'
Started GET "/questions/1" for 127.0.0.1 at 2017-09-18 17:38:26 -0700
Processing by QuestionsController#show as HTML
  Parameters: {"id"=>"1"}
  [1m[36mQuestion Load (0.4ms)[0m  [1m[34mSELECT  "questions".* FROM "questions" WHERE "questions"."id" = $1 LIMIT $2[0m  [["id", 1], ["LIMIT", 1]]
  Rendering questions/show.html.erb within layouts/application
  [1m[36mUser Load (0.6ms)[0m  [1m[34mSELECT  "users".* FROM "users" WHERE "users"."id" = $1 LIMIT $2[0m  [["id", 1], ["LIMIT", 1]]
  Rendered questions/show.html.erb within layouts/application (4.4ms)
  [1m[36mCACHE User Load (0.0ms)[0m  [1m[34mSELECT  "users".* FROM "users" WHERE "users"."id" = $1 LIMIT $2[0m  [["id", 1], ["LIMIT", 1]]
Completed 200 OK in 33ms (Views: 29.2ms | ActiveRecord: 1.0ms)


Started GET "/questions/1/answers/new" for 127.0.0.1 at 2017-09-18 17:38:29 -0700
Processing by AnswersController#new as HTML
  Parameters: {"question_id"=>"1"}
  Rendering answers/new.html.erb within layouts/application
  Rendered answers/new.html.erb within layouts/application (9.9ms)
  [1m[36mUser Load (0.4ms)[0m  [1m[34mSELECT  "users".* FROM "users" WHERE "users"."id" = $1 LIMIT $2[0m  [["id", 1], ["LIMIT", 1]]
Completed 200 OK in 62ms (Views: 40.2ms | ActiveRecord: 4.5ms)


Started POST "/questions/1/answers" for 127.0.0.1 at 2017-09-18 17:38:37 -0700
Processing by AnswersController#create as HTML
  Parameters: {"utf8"=>"✓", "authenticity_token"=>"KSbNRXnO5rnX8XRJjKQTiHzJzPwyhN7+ojuCHRPfBkgTQhmvqe7gq3JBySK/dTFCBAFcSoiBFUlkGsmwwYjW5g==", "answer"=>{"body"=>"SAVE?"}, "commit"=>"Submit Answer", "question_id"=>"1"}
  [1m[36mQuestion Load (0.4ms)[0m  [1m[34mSELECT  "questions".* FROM "questions" WHERE "questions"."id" = $1 LIMIT $2[0m  [["id", 1], ["LIMIT", 1]]
  [1m[35m (0.6ms)[0m  [1m[35mBEGIN[0m
  [1m[35m (0.4ms)[0m  [1m[31mROLLBACK[0m
  Rendering answers/new.html.erb within layouts/application
  Rendered answers/new.html.erb within layouts/application (1.8ms)
  [1m[36mUser Load (0.4ms)[0m  [1m[34mSELECT  "users".* FROM "users" WHERE "users"."id" = $1 LIMIT $2[0m  [["id", 1], ["LIMIT", 1]]
Completed 200 OK in 823ms (Views: 23.4ms | ActiveRecord: 1.8ms)


Started GET "/" for 127.0.0.1 at 2017-09-18 17:42:48 -0700
Processing by QuestionsController#index as HTML
  Rendering questions/index.html.erb within layouts/application
  [1m[36mUser Load (0.2ms)[0m  [1m[34mSELECT  "users".* FROM "users" WHERE "users"."id" = $1 LIMIT $2[0m  [["id", 1], ["LIMIT", 1]]
  [1m[36mQuestion Load (0.3ms)[0m  [1m[34mSELECT "questions".* FROM "questions"[0m
  Rendered questions/index.html.erb within layouts/application (3.6ms)
Completed 200 OK in 25ms (Views: 22.3ms | ActiveRecord: 0.5ms)


Started GET "/" for 127.0.0.1 at 2017-09-18 17:42:49 -0700
Processing by QuestionsController#index as HTML
  Rendering questions/index.html.erb within layouts/application
  [1m[36mUser Load (0.3ms)[0m  [1m[34mSELECT  "users".* FROM "users" WHERE "users"."id" = $1 LIMIT $2[0m  [["id", 1], ["LIMIT", 1]]
  [1m[36mQuestion Load (0.3ms)[0m  [1m[34mSELECT "questions".* FROM "questions"[0m
  Rendered questions/index.html.erb within layouts/application (4.2ms)
Completed 200 OK in 32ms (Views: 28.9ms | ActiveRecord: 0.6ms)


Started GET "/questions/2" for 127.0.0.1 at 2017-09-18 17:42:52 -0700
Processing by QuestionsController#show as HTML
  Parameters: {"id"=>"2"}
  [1m[36mQuestion Load (0.4ms)[0m  [1m[34mSELECT  "questions".* FROM "questions" WHERE "questions"."id" = $1 LIMIT $2[0m  [["id", 2], ["LIMIT", 1]]
  Rendering questions/show.html.erb within layouts/application
  [1m[36mUser Load (0.3ms)[0m  [1m[34mSELECT  "users".* FROM "users" WHERE "users"."id" = $1 LIMIT $2[0m  [["id", 1], ["LIMIT", 1]]
  [1m[36mAnswer Load (0.8ms)[0m  [1m[34mSELECT "answers".* FROM "answers" WHERE "answers"."question_id" = $1[0m  [["question_id", 2]]
  Rendered questions/show.html.erb within layouts/application (12.6ms)
  [1m[36mCACHE User Load (0.0ms)[0m  [1m[34mSELECT  "users".* FROM "users" WHERE "users"."id" = $1 LIMIT $2[0m  [["id", 1], ["LIMIT", 1]]
Completed 200 OK in 37ms (Views: 32.6ms | ActiveRecord: 1.5ms)


Started GET "/questions/2/answers/new" for 127.0.0.1 at 2017-09-18 17:42:53 -0700
Processing by AnswersController#new as HTML
  Parameters: {"question_id"=>"2"}
  Rendering answers/new.html.erb within layouts/application
  Rendered answers/new.html.erb within layouts/application (2.6ms)
  [1m[36mUser Load (0.3ms)[0m  [1m[34mSELECT  "users".* FROM "users" WHERE "users"."id" = $1 LIMIT $2[0m  [["id", 1], ["LIMIT", 1]]
Completed 200 OK in 38ms (Views: 34.6ms | ActiveRecord: 0.3ms)


Started POST "/questions/2/answers" for 127.0.0.1 at 2017-09-18 17:42:55 -0700
Processing by AnswersController#create as HTML
  Parameters: {"utf8"=>"✓", "authenticity_token"=>"UTAaeELssMgWUin6nGHWEQINL0Vtio90vz8bWi2VDLdrVM6Sksy22rPilJGvsPTbesW/89ePRMN5HlD3/8LcGQ==", "answer"=>{"body"=>"dzfh"}, "commit"=>"Submit Answer", "question_id"=>"2"}
  [1m[36mQuestion Load (0.4ms)[0m  [1m[34mSELECT  "questions".* FROM "questions" WHERE "questions"."id" = $1 LIMIT $2[0m  [["id", 2], ["LIMIT", 1]]
  [1m[35m (0.3ms)[0m  [1m[35mBEGIN[0m
  [1m[35m (0.5ms)[0m  [1m[31mROLLBACK[0m
  Rendering answers/new.html.erb within layouts/application
  Rendered answers/new.html.erb within layouts/application (1.5ms)
  [1m[36mUser Load (0.4ms)[0m  [1m[34mSELECT  "users".* FROM "users" WHERE "users"."id" = $1 LIMIT $2[0m  [["id", 1], ["LIMIT", 1]]
Completed 200 OK in 32ms (Views: 24.4ms | ActiveRecord: 1.5ms)


Started GET "/" for 127.0.0.1 at 2017-09-18 17:43:02 -0700
Processing by QuestionsController#index as HTML
  Rendering questions/index.html.erb within layouts/application
  [1m[36mUser Load (0.2ms)[0m  [1m[34mSELECT  "users".* FROM "users" WHERE "users"."id" = $1 LIMIT $2[0m  [["id", 1], ["LIMIT", 1]]
  [1m[36mQuestion Load (0.3ms)[0m  [1m[34mSELECT "questions".* FROM "questions"[0m
  Rendered questions/index.html.erb within layouts/application (3.6ms)
Completed 200 OK in 24ms (Views: 22.2ms | ActiveRecord: 0.5ms)


Started GET "/questions/7" for 127.0.0.1 at 2017-09-18 17:43:03 -0700
Processing by QuestionsController#show as HTML
  Parameters: {"id"=>"7"}
  [1m[36mQuestion Load (0.2ms)[0m  [1m[34mSELECT  "questions".* FROM "questions" WHERE "questions"."id" = $1 LIMIT $2[0m  [["id", 7], ["LIMIT", 1]]
  Rendering questions/show.html.erb within layouts/application
  [1m[36mUser Load (0.3ms)[0m  [1m[34mSELECT  "users".* FROM "users" WHERE "users"."id" = $1 LIMIT $2[0m  [["id", 1], ["LIMIT", 1]]
  [1m[36mAnswer Load (0.3ms)[0m  [1m[34mSELECT "answers".* FROM "answers" WHERE "answers"."question_id" = $1[0m  [["question_id", 7]]
  Rendered questions/show.html.erb within layouts/application (4.6ms)
  [1m[36mCACHE User Load (0.0ms)[0m  [1m[34mSELECT  "users".* FROM "users" WHERE "users"."id" = $1 LIMIT $2[0m  [["id", 1], ["LIMIT", 1]]
Completed 200 OK in 31ms (Views: 26.9ms | ActiveRecord: 0.9ms)


Started GET "/" for 127.0.0.1 at 2017-09-18 17:43:05 -0700
Processing by QuestionsController#index as HTML
  Rendering questions/index.html.erb within layouts/application
  [1m[36mUser Load (0.2ms)[0m  [1m[34mSELECT  "users".* FROM "users" WHERE "users"."id" = $1 LIMIT $2[0m  [["id", 1], ["LIMIT", 1]]
  [1m[36mQuestion Load (0.3ms)[0m  [1m[34mSELECT "questions".* FROM "questions"[0m
  Rendered questions/index.html.erb within layouts/application (3.8ms)
Completed 200 OK in 26ms (Views: 23.5ms | ActiveRecord: 0.5ms)


Started GET "/questions/6" for 127.0.0.1 at 2017-09-18 17:43:06 -0700
Processing by QuestionsController#show as HTML
  Parameters: {"id"=>"6"}
  [1m[36mQuestion Load (0.2ms)[0m  [1m[34mSELECT  "questions".* FROM "questions" WHERE "questions"."id" = $1 LIMIT $2[0m  [["id", 6], ["LIMIT", 1]]
  Rendering questions/show.html.erb within layouts/application
  [1m[36mUser Load (0.3ms)[0m  [1m[34mSELECT  "users".* FROM "users" WHERE "users"."id" = $1 LIMIT $2[0m  [["id", 1], ["LIMIT", 1]]
  [1m[36mAnswer Load (0.3ms)[0m  [1m[34mSELECT "answers".* FROM "answers" WHERE "answers"."question_id" = $1[0m  [["question_id", 6]]
  Rendered questions/show.html.erb within layouts/application (4.2ms)
  [1m[36mCACHE User Load (0.0ms)[0m  [1m[34mSELECT  "users".* FROM "users" WHERE "users"."id" = $1 LIMIT $2[0m  [["id", 1], ["LIMIT", 1]]
Completed 200 OK in 30ms (Views: 26.8ms | ActiveRecord: 0.8ms)


Started GET "/questions/6" for 127.0.0.1 at 2017-09-18 17:43:08 -0700
Processing by QuestionsController#show as HTML
  Parameters: {"id"=>"6"}
  [1m[36mQuestion Load (0.2ms)[0m  [1m[34mSELECT  "questions".* FROM "questions" WHERE "questions"."id" = $1 LIMIT $2[0m  [["id", 6], ["LIMIT", 1]]
  Rendering questions/show.html.erb within layouts/application
  [1m[36mUser Load (0.3ms)[0m  [1m[34mSELECT  "users".* FROM "users" WHERE "users"."id" = $1 LIMIT $2[0m  [["id", 1], ["LIMIT", 1]]
  [1m[36mAnswer Load (0.3ms)[0m  [1m[34mSELECT "answers".* FROM "answers" WHERE "answers"."question_id" = $1[0m  [["question_id", 6]]
  Rendered questions/show.html.erb within layouts/application (4.1ms)
  [1m[36mCACHE User Load (0.0ms)[0m  [1m[34mSELECT  "users".* FROM "users" WHERE "users"."id" = $1 LIMIT $2[0m  [["id", 1], ["LIMIT", 1]]
Completed 200 OK in 30ms (Views: 25.9ms | ActiveRecord: 0.8ms)


Started GET "/questions/6/answers/new" for 127.0.0.1 at 2017-09-18 17:43:10 -0700
Processing by AnswersController#new as HTML
  Parameters: {"question_id"=>"6"}
  Rendering answers/new.html.erb within layouts/application
  Rendered answers/new.html.erb within layouts/application (1.6ms)
  [1m[36mUser Load (0.2ms)[0m  [1m[34mSELECT  "users".* FROM "users" WHERE "users"."id" = $1 LIMIT $2[0m  [["id", 1], ["LIMIT", 1]]
Completed 200 OK in 25ms (Views: 23.5ms | ActiveRecord: 0.2ms)


Started POST "/questions/6/answers" for 127.0.0.1 at 2017-09-18 17:43:12 -0700
Processing by AnswersController#create as HTML
  Parameters: {"utf8"=>"✓", "authenticity_token"=>"mY1r8UhQZNLX2HUQGqydkxX811oAdHLfEnwpHYV9wlOj6b8bmHBiwHJoyHspfb9ZbTRH7LpxuWjUXWKwVyoS/Q==", "answer"=>{"body"=>"fgxhfg"}, "commit"=>"Submit Answer", "question_id"=>"6"}
  [1m[36mQuestion Load (0.4ms)[0m  [1m[34mSELECT  "questions".* FROM "questions" WHERE "questions"."id" = $1 LIMIT $2[0m  [["id", 6], ["LIMIT", 1]]
  [1m[35m (0.3ms)[0m  [1m[35mBEGIN[0m
  [1m[35m (0.2ms)[0m  [1m[31mROLLBACK[0m
  Rendering answers/new.html.erb within layouts/application
  Rendered answers/new.html.erb within layouts/application (1.7ms)
  [1m[36mUser Load (0.3ms)[0m  [1m[34mSELECT  "users".* FROM "users" WHERE "users"."id" = $1 LIMIT $2[0m  [["id", 1], ["LIMIT", 1]]
Completed 200 OK in 31ms (Views: 24.0ms | ActiveRecord: 1.2ms)


Started POST "/questions/6/answers" for 127.0.0.1 at 2017-09-18 17:43:14 -0700
Processing by AnswersController#create as HTML
  Parameters: {"utf8"=>"✓", "authenticity_token"=>"nljmZp7OL4CGbZshsGwlPUZTsHHoSSdEN5yJ4ByUEiakPDKMTu4pkiPdJkqDvQf3Ppsgx1JM7PPxvcJNzsPCiA==", "answer"=>{"body"=>"fgxhfg"}, "commit"=>"Submit Answer", "question_id"=>"6"}
  [1m[36mQuestion Load (0.4ms)[0m  [1m[34mSELECT  "questions".* FROM "questions" WHERE "questions"."id" = $1 LIMIT $2[0m  [["id", 6], ["LIMIT", 1]]
  [1m[35m (0.3ms)[0m  [1m[35mBEGIN[0m
  [1m[35m (0.3ms)[0m  [1m[31mROLLBACK[0m
  Rendering answers/new.html.erb within layouts/application
  Rendered answers/new.html.erb within layouts/application (2.7ms)
  [1m[36mUser Load (0.3ms)[0m  [1m[34mSELECT  "users".* FROM "users" WHERE "users"."id" = $1 LIMIT $2[0m  [["id", 1], ["LIMIT", 1]]
Completed 200 OK in 42ms (Views: 34.8ms | ActiveRecord: 1.3ms)


Started GET "/questions/6" for 127.0.0.1 at 2017-09-18 17:43:21 -0700
Processing by QuestionsController#show as HTML
  Parameters: {"id"=>"6"}
  [1m[36mQuestion Load (0.3ms)[0m  [1m[34mSELECT  "questions".* FROM "questions" WHERE "questions"."id" = $1 LIMIT $2[0m  [["id", 6], ["LIMIT", 1]]
  Rendering questions/show.html.erb within layouts/application
  [1m[36mUser Load (0.3ms)[0m  [1m[34mSELECT  "users".* FROM "users" WHERE "users"."id" = $1 LIMIT $2[0m  [["id", 1], ["LIMIT", 1]]
  [1m[36mAnswer Load (0.3ms)[0m  [1m[34mSELECT "answers".* FROM "answers" WHERE "answers"."question_id" = $1[0m  [["question_id", 6]]
  Rendered questions/show.html.erb within layouts/application (3.7ms)
  [1m[36mCACHE User Load (0.0ms)[0m  [1m[34mSELECT  "users".* FROM "users" WHERE "users"."id" = $1 LIMIT $2[0m  [["id", 1], ["LIMIT", 1]]
Completed 200 OK in 29ms (Views: 25.1ms | ActiveRecord: 0.9ms)


  [1m[36mQuestion Load (0.8ms)[0m  [1m[34mSELECT  "questions".* FROM "questions" ORDER BY "questions"."id" DESC LIMIT $1[0m  [["LIMIT", 1]]
  [1m[36mAnswer Load (0.4ms)[0m  [1m[34mSELECT  "answers".* FROM "answers" WHERE "answers"."question_id" = $1 LIMIT $2[0m  [["question_id", 7], ["LIMIT", 11]]
  [1m[35m (0.3ms)[0m  [1m[35mBEGIN[0m
  [1m[36mUser Load (0.4ms)[0m  [1m[34mSELECT  "users".* FROM "users" WHERE "users"."id" = $1 LIMIT $2[0m  [["id", 1], ["LIMIT", 1]]
  [1m[35mSQL (2.4ms)[0m  [1m[32mINSERT INTO "answers" ("question_id", "user_id", "body", "created_at", "updated_at") VALUES ($1, $2, $3, $4, $5) RETURNING "id"[0m  [["question_id", 7], ["user_id", 1], ["body", "sjdfhk"], ["created_at", "2017-09-19 00:44:54.363065"], ["updated_at", "2017-09-19 00:44:54.363065"]]
  [1m[35m (0.9ms)[0m  [1m[35mCOMMIT[0m
  [1m[36mAnswer Load (0.5ms)[0m  [1m[34mSELECT  "answers".* FROM "answers" WHERE "answers"."question_id" = $1 LIMIT $2[0m  [["question_id", 7], ["LIMIT", 11]]
Started GET "/questions/6" for 127.0.0.1 at 2017-09-18 17:46:53 -0700
  [1m[35m (0.8ms)[0m  [1m[34mSELECT "schema_migrations"."version" FROM "schema_migrations" ORDER BY "schema_migrations"."version" ASC[0m
Processing by QuestionsController#show as HTML
  Parameters: {"id"=>"6"}
  [1m[36mQuestion Load (0.7ms)[0m  [1m[34mSELECT  "questions".* FROM "questions" WHERE "questions"."id" = $1 LIMIT $2[0m  [["id", 6], ["LIMIT", 1]]
  Rendering questions/show.html.erb within layouts/application
  [1m[36mUser Load (0.6ms)[0m  [1m[34mSELECT  "users".* FROM "users" WHERE "users"."id" = $1 LIMIT $2[0m  [["id", 1], ["LIMIT", 1]]
  [1m[36mAnswer Load (0.5ms)[0m  [1m[34mSELECT "answers".* FROM "answers" WHERE "answers"."question_id" = $1[0m  [["question_id", 6]]
  Rendered questions/show.html.erb within layouts/application (50.1ms)
  [1m[36mUser Load (0.5ms)[0m  [1m[34mSELECT  "users".* FROM "users" WHERE "users"."id" = $1 LIMIT $2[0m  [["id", 1], ["LIMIT", 1]]
Completed 200 OK in 342ms (Views: 294.9ms | ActiveRecord: 13.9ms)


Started GET "/questions/6" for 127.0.0.1 at 2017-09-18 17:46:57 -0700
Processing by QuestionsController#show as HTML
  Parameters: {"id"=>"6"}
  [1m[36mQuestion Load (0.4ms)[0m  [1m[34mSELECT  "questions".* FROM "questions" WHERE "questions"."id" = $1 LIMIT $2[0m  [["id", 6], ["LIMIT", 1]]
  Rendering questions/show.html.erb within layouts/application
  [1m[36mUser Load (0.4ms)[0m  [1m[34mSELECT  "users".* FROM "users" WHERE "users"."id" = $1 LIMIT $2[0m  [["id", 1], ["LIMIT", 1]]
  [1m[36mAnswer Load (0.4ms)[0m  [1m[34mSELECT "answers".* FROM "answers" WHERE "answers"."question_id" = $1[0m  [["question_id", 6]]
  Rendered questions/show.html.erb within layouts/application (4.8ms)
  [1m[36mCACHE User Load (0.0ms)[0m  [1m[34mSELECT  "users".* FROM "users" WHERE "users"."id" = $1 LIMIT $2[0m  [["id", 1], ["LIMIT", 1]]
Completed 200 OK in 30ms (Views: 25.6ms | ActiveRecord: 1.1ms)


Started GET "/questions/6/answers/new" for 127.0.0.1 at 2017-09-18 17:46:58 -0700
Processing by AnswersController#new as HTML
  Parameters: {"question_id"=>"6"}
  Rendering answers/new.html.erb within layouts/application
  Rendered answers/new.html.erb within layouts/application (8.7ms)
  [1m[36mUser Load (0.4ms)[0m  [1m[34mSELECT  "users".* FROM "users" WHERE "users"."id" = $1 LIMIT $2[0m  [["id", 1], ["LIMIT", 1]]
Completed 200 OK in 42ms (Views: 30.3ms | ActiveRecord: 1.8ms)


Started POST "/questions/6/answers" for 127.0.0.1 at 2017-09-18 17:47:00 -0700
Processing by AnswersController#create as HTML
  Parameters: {"utf8"=>"✓", "authenticity_token"=>"1lCUzBeYxkpPJbOhDf25kytINnIv22GxM2U1m5GYXrfsNEAmx7jAWOqVDso+LJtZU4CmxJXeqgb1RH42Q8+OGQ==", "answer"=>{"body"=>"xfgjjgxfj"}, "commit"=>"Submit Answer", "question_id"=>"6"}
  [1m[36mQuestion Load (0.4ms)[0m  [1m[34mSELECT  "questions".* FROM "questions" WHERE "questions"."id" = $1 LIMIT $2[0m  [["id", 6], ["LIMIT", 1]]
  [1m[35m (0.2ms)[0m  [1m[35mBEGIN[0m
  [1m[35m (0.3ms)[0m  [1m[31mROLLBACK[0m
  Rendering answers/new.html.erb within layouts/application
  Rendered answers/new.html.erb within layouts/application (1.7ms)
  [1m[36mUser Load (0.4ms)[0m  [1m[34mSELECT  "users".* FROM "users" WHERE "users"."id" = $1 LIMIT $2[0m  [["id", 1], ["LIMIT", 1]]
Completed 200 OK in 758ms (Views: 25.8ms | ActiveRecord: 1.2ms)


Started GET "/questions/6" for 127.0.0.1 at 2017-09-18 17:48:00 -0700
Processing by QuestionsController#show as HTML
  Parameters: {"id"=>"6"}
  [1m[36mQuestion Load (0.3ms)[0m  [1m[34mSELECT  "questions".* FROM "questions" WHERE "questions"."id" = $1 LIMIT $2[0m  [["id", 6], ["LIMIT", 1]]
  Rendering questions/show.html.erb within layouts/application
  [1m[36mUser Load (0.3ms)[0m  [1m[34mSELECT  "users".* FROM "users" WHERE "users"."id" = $1 LIMIT $2[0m  [["id", 1], ["LIMIT", 1]]
  [1m[36mAnswer Load (0.3ms)[0m  [1m[34mSELECT "answers".* FROM "answers" WHERE "answers"."question_id" = $1[0m  [["question_id", 6]]
  Rendered questions/show.html.erb within layouts/application (30.7ms)
  [1m[36mCACHE User Load (0.0ms)[0m  [1m[34mSELECT  "users".* FROM "users" WHERE "users"."id" = $1 LIMIT $2[0m  [["id", 1], ["LIMIT", 1]]
Completed 200 OK in 76ms (Views: 51.5ms | ActiveRecord: 8.1ms)


Started GET "/questions/6/answers/new" for 127.0.0.1 at 2017-09-18 17:48:02 -0700
Processing by AnswersController#new as HTML
  Parameters: {"question_id"=>"6"}
  Rendering answers/new.html.erb within layouts/application
  Rendered answers/new.html.erb within layouts/application (2.6ms)
  [1m[36mUser Load (0.3ms)[0m  [1m[34mSELECT  "users".* FROM "users" WHERE "users"."id" = $1 LIMIT $2[0m  [["id", 1], ["LIMIT", 1]]
Completed 200 OK in 34ms (Views: 23.7ms | ActiveRecord: 1.7ms)


Started POST "/questions/6/answers" for 127.0.0.1 at 2017-09-18 17:48:04 -0700
Processing by AnswersController#create as HTML
  Parameters: {"utf8"=>"✓", "authenticity_token"=>"a0C9jZbTrqsKKasEgGYiosaa+Cp1ITBEbF+zfQf8htBRJGlnRvOoua+ZFm+ztwBovlJonM8k+/OqfvjQ1atWfg==", "answer"=>{"body"=>"zdfgzdfh"}, "commit"=>"Submit Answer", "question_id"=>"6"}
  [1m[36mQuestion Load (0.3ms)[0m  [1m[34mSELECT  "questions".* FROM "questions" WHERE "questions"."id" = $1 LIMIT $2[0m  [["id", 6], ["LIMIT", 1]]
  [1m[36mUser Load (0.5ms)[0m  [1m[34mSELECT  "users".* FROM "users" WHERE "users"."id" = $1 LIMIT $2[0m  [["id", 1], ["LIMIT", 1]]
  [1m[35m (0.3ms)[0m  [1m[35mBEGIN[0m
  [1m[35mSQL (1.5ms)[0m  [1m[32mINSERT INTO "answers" ("question_id", "user_id", "body", "created_at", "updated_at") VALUES ($1, $2, $3, $4, $5) RETURNING "id"[0m  [["question_id", 6], ["user_id", 1], ["body", "zdfgzdfh"], ["created_at", "2017-09-19 00:48:04.145126"], ["updated_at", "2017-09-19 00:48:04.145126"]]
  [1m[35m (0.8ms)[0m  [1m[35mCOMMIT[0m
Redirected to http://localhost:3000/questions/6
Completed 302 Found in 18ms (ActiveRecord: 3.4ms)


Started GET "/questions/6" for 127.0.0.1 at 2017-09-18 17:48:04 -0700
Processing by QuestionsController#show as HTML
  Parameters: {"id"=>"6"}
  [1m[36mQuestion Load (0.5ms)[0m  [1m[34mSELECT  "questions".* FROM "questions" WHERE "questions"."id" = $1 LIMIT $2[0m  [["id", 6], ["LIMIT", 1]]
  Rendering questions/show.html.erb within layouts/application
  [1m[36mUser Load (0.3ms)[0m  [1m[34mSELECT  "users".* FROM "users" WHERE "users"."id" = $1 LIMIT $2[0m  [["id", 1], ["LIMIT", 1]]
  [1m[36mAnswer Load (0.4ms)[0m  [1m[34mSELECT "answers".* FROM "answers" WHERE "answers"."question_id" = $1[0m  [["question_id", 6]]
  [1m[36mCACHE User Load (0.0ms)[0m  [1m[34mSELECT  "users".* FROM "users" WHERE "users"."id" = $1 LIMIT $2[0m  [["id", 1], ["LIMIT", 1]]
  Rendered questions/show.html.erb within layouts/application (6.7ms)
  [1m[36mCACHE User Load (0.0ms)[0m  [1m[34mSELECT  "users".* FROM "users" WHERE "users"."id" = $1 LIMIT $2[0m  [["id", 1], ["LIMIT", 1]]
Completed 200 OK in 37ms (Views: 31.1ms | ActiveRecord: 1.2ms)


Started GET "/questions/6" for 127.0.0.1 at 2017-09-18 17:48:18 -0700
Processing by QuestionsController#show as HTML
  Parameters: {"id"=>"6"}
  [1m[36mQuestion Load (0.3ms)[0m  [1m[34mSELECT  "questions".* FROM "questions" WHERE "questions"."id" = $1 LIMIT $2[0m  [["id", 6], ["LIMIT", 1]]
  Rendering questions/show.html.erb within layouts/application
  [1m[36mUser Load (0.3ms)[0m  [1m[34mSELECT  "users".* FROM "users" WHERE "users"."id" = $1 LIMIT $2[0m  [["id", 1], ["LIMIT", 1]]
  [1m[36mAnswer Load (0.3ms)[0m  [1m[34mSELECT "answers".* FROM "answers" WHERE "answers"."question_id" = $1[0m  [["question_id", 6]]
  [1m[36mCACHE User Load (0.0ms)[0m  [1m[34mSELECT  "users".* FROM "users" WHERE "users"."id" = $1 LIMIT $2[0m  [["id", 1], ["LIMIT", 1]]
  Rendered questions/show.html.erb within layouts/application (5.6ms)
  [1m[36mCACHE User Load (0.0ms)[0m  [1m[34mSELECT  "users".* FROM "users" WHERE "users"."id" = $1 LIMIT $2[0m  [["id", 1], ["LIMIT", 1]]
Completed 200 OK in 31ms (Views: 26.8ms | ActiveRecord: 1.0ms)


Started GET "/questions/6" for 127.0.0.1 at 2017-09-18 17:48:34 -0700
Processing by QuestionsController#show as HTML
  Parameters: {"id"=>"6"}
  [1m[36mQuestion Load (0.2ms)[0m  [1m[34mSELECT  "questions".* FROM "questions" WHERE "questions"."id" = $1 LIMIT $2[0m  [["id", 6], ["LIMIT", 1]]
  Rendering questions/show.html.erb within layouts/application
  [1m[36mUser Load (0.3ms)[0m  [1m[34mSELECT  "users".* FROM "users" WHERE "users"."id" = $1 LIMIT $2[0m  [["id", 1], ["LIMIT", 1]]
  [1m[36mAnswer Load (0.3ms)[0m  [1m[34mSELECT "answers".* FROM "answers" WHERE "answers"."question_id" = $1[0m  [["question_id", 6]]
  [1m[36mCACHE User Load (0.0ms)[0m  [1m[34mSELECT  "users".* FROM "users" WHERE "users"."id" = $1 LIMIT $2[0m  [["id", 1], ["LIMIT", 1]]
  Rendered questions/show.html.erb within layouts/application (5.4ms)
  [1m[36mCACHE User Load (0.0ms)[0m  [1m[34mSELECT  "users".* FROM "users" WHERE "users"."id" = $1 LIMIT $2[0m  [["id", 1], ["LIMIT", 1]]
Completed 200 OK in 29ms (Views: 25.5ms | ActiveRecord: 0.9ms)


Started GET "/questions/6" for 127.0.0.1 at 2017-09-18 17:49:05 -0700
Processing by QuestionsController#show as HTML
  Parameters: {"id"=>"6"}
  [1m[36mQuestion Load (0.2ms)[0m  [1m[34mSELECT  "questions".* FROM "questions" WHERE "questions"."id" = $1 LIMIT $2[0m  [["id", 6], ["LIMIT", 1]]
  Rendering questions/show.html.erb within layouts/application
  [1m[36mUser Load (0.3ms)[0m  [1m[34mSELECT  "users".* FROM "users" WHERE "users"."id" = $1 LIMIT $2[0m  [["id", 1], ["LIMIT", 1]]
  [1m[36mAnswer Load (0.2ms)[0m  [1m[34mSELECT "answers".* FROM "answers" WHERE "answers"."question_id" = $1[0m  [["question_id", 6]]
  [1m[36mCACHE User Load (0.0ms)[0m  [1m[34mSELECT  "users".* FROM "users" WHERE "users"."id" = $1 LIMIT $2[0m  [["id", 1], ["LIMIT", 1]]
  Rendered questions/show.html.erb within layouts/application (5.2ms)
  [1m[36mCACHE User Load (0.0ms)[0m  [1m[34mSELECT  "users".* FROM "users" WHERE "users"."id" = $1 LIMIT $2[0m  [["id", 1], ["LIMIT", 1]]
Completed 200 OK in 39ms (Views: 35.5ms | ActiveRecord: 0.8ms)


Started GET "/questions/6" for 127.0.0.1 at 2017-09-18 17:49:16 -0700
Processing by QuestionsController#show as HTML
  Parameters: {"id"=>"6"}
  [1m[36mQuestion Load (0.3ms)[0m  [1m[34mSELECT  "questions".* FROM "questions" WHERE "questions"."id" = $1 LIMIT $2[0m  [["id", 6], ["LIMIT", 1]]
  Rendering questions/show.html.erb within layouts/application
  [1m[36mUser Load (0.3ms)[0m  [1m[34mSELECT  "users".* FROM "users" WHERE "users"."id" = $1 LIMIT $2[0m  [["id", 1], ["LIMIT", 1]]
  [1m[36mAnswer Load (0.3ms)[0m  [1m[34mSELECT "answers".* FROM "answers" WHERE "answers"."question_id" = $1[0m  [["question_id", 6]]
  [1m[36mCACHE User Load (0.0ms)[0m  [1m[34mSELECT  "users".* FROM "users" WHERE "users"."id" = $1 LIMIT $2[0m  [["id", 1], ["LIMIT", 1]]
  Rendered questions/show.html.erb within layouts/application (5.3ms)
  [1m[36mCACHE User Load (0.0ms)[0m  [1m[34mSELECT  "users".* FROM "users" WHERE "users"."id" = $1 LIMIT $2[0m  [["id", 1], ["LIMIT", 1]]
Completed 200 OK in 45ms (Views: 41.5ms | ActiveRecord: 0.9ms)


Started GET "/questions/6" for 127.0.0.1 at 2017-09-18 17:49:41 -0700
Processing by QuestionsController#show as HTML
  Parameters: {"id"=>"6"}
  [1m[36mQuestion Load (0.2ms)[0m  [1m[34mSELECT  "questions".* FROM "questions" WHERE "questions"."id" = $1 LIMIT $2[0m  [["id", 6], ["LIMIT", 1]]
  Rendering questions/show.html.erb within layouts/application
  [1m[36mUser Load (0.3ms)[0m  [1m[34mSELECT  "users".* FROM "users" WHERE "users"."id" = $1 LIMIT $2[0m  [["id", 1], ["LIMIT", 1]]
  [1m[36mAnswer Load (0.3ms)[0m  [1m[34mSELECT "answers".* FROM "answers" WHERE "answers"."question_id" = $1[0m  [["question_id", 6]]
  [1m[36mCACHE User Load (0.0ms)[0m  [1m[34mSELECT  "users".* FROM "users" WHERE "users"."id" = $1 LIMIT $2[0m  [["id", 1], ["LIMIT", 1]]
  Rendered questions/show.html.erb within layouts/application (5.2ms)
  [1m[36mCACHE User Load (0.0ms)[0m  [1m[34mSELECT  "users".* FROM "users" WHERE "users"."id" = $1 LIMIT $2[0m  [["id", 1], ["LIMIT", 1]]
Completed 200 OK in 40ms (Views: 36.1ms | ActiveRecord: 0.8ms)


